{"/home/travis/build/npmtest/node-npmtest-debug/test.js":{"path":"/home/travis/build/npmtest/node-npmtest-debug/test.js","s":{"1":2,"2":2,"3":2,"4":2,"5":2,"6":2,"7":2,"8":2,"9":2,"10":2,"11":2,"12":2,"13":2},"b":{"1":[2,1,1],"2":[2,1],"3":[1,1],"4":[2,1]},"f":{"1":2,"2":2,"3":2,"4":2},"fnMap":{"1":{"name":"(anonymous_1)","line":13,"loc":{"start":{"line":13,"column":1},"end":{"line":13,"column":13}}},"2":{"name":"(anonymous_2)","line":20,"loc":{"start":{"line":20,"column":5},"end":{"line":20,"column":17}}},"3":{"name":"(anonymous_3)","line":24,"loc":{"start":{"line":24,"column":9},"end":{"line":24,"column":21}}},"4":{"name":"(anonymous_4)","line":47,"loc":{"start":{"line":47,"column":5},"end":{"line":47,"column":17}}}},"statementMap":{"1":{"start":{"line":13,"column":0},"end":{"line":50,"column":5}},"2":{"start":{"line":15,"column":4},"end":{"line":15,"column":14}},"3":{"start":{"line":20,"column":4},"end":{"line":42,"column":9}},"4":{"start":{"line":22,"column":8},"end":{"line":22,"column":19}},"5":{"start":{"line":24,"column":8},"end":{"line":32,"column":13}},"6":{"start":{"line":25,"column":12},"end":{"line":30,"column":13}},"7":{"start":{"line":26,"column":16},"end":{"line":28,"column":27}},"8":{"start":{"line":31,"column":12},"end":{"line":31,"column":53}},"9":{"start":{"line":34,"column":8},"end":{"line":36,"column":21}},"10":{"start":{"line":38,"column":8},"end":{"line":39,"column":49}},"11":{"start":{"line":41,"column":8},"end":{"line":41,"column":33}},"12":{"start":{"line":47,"column":4},"end":{"line":49,"column":9}},"13":{"start":{"line":48,"column":8},"end":{"line":48,"column":15}}},"branchMap":{"1":{"line":26,"type":"binary-expr","locations":[{"start":{"line":26,"column":31},"end":{"line":26,"column":72}},{"start":{"line":27,"column":20},"end":{"line":27,"column":70}},{"start":{"line":28,"column":20},"end":{"line":28,"column":26}}]},"2":{"line":31,"type":"binary-expr","locations":[{"start":{"line":31,"column":27},"end":{"line":31,"column":39}},{"start":{"line":31,"column":43},"end":{"line":31,"column":52}}]},"3":{"line":34,"type":"cond-expr","locations":[{"start":{"line":35,"column":14},"end":{"line":35,"column":20}},{"start":{"line":36,"column":14},"end":{"line":36,"column":20}}]},"4":{"line":38,"type":"binary-expr","locations":[{"start":{"line":38,"column":38},"end":{"line":38,"column":59}},{"start":{"line":39,"column":12},"end":{"line":39,"column":31}}]}},"code":["/* istanbul instrument in package npmtest_debug */","/* jslint-utility2 */","/*jslint","    bitwise: true,","    browser: true,","    maxerr: 4,","    maxlen: 100,","    node: true,","    nomen: true,","    regexp: true,","    stupid: true","*/","(function () {","    'use strict';","    var local;","","","","    // run shared js-env code - init-before","    (function () {","        // init local","        local = {};","        // init modeJs","        (function () {","            try {","                local.modeJs = typeof process.versions.node === 'string' &&","                    typeof require('http').createServer === 'function' &&","                    'node';","            } catch (ignore) {","            }","            local.modeJs = local.modeJs || 'browser';","        }());","        // init global","        local.global = local.modeJs === 'browser'","            ? window","            : global;","        // re-init local","        local = local.global.local = (local.global.utility2 ||","            require('utility2')).requireReadme();","        // init test","        local.testRunInit(local);","    }());","","","","    // run shared js-env code - function","    (function () {","        return;","    }());","}());",""],"l":{"13":2,"15":2,"20":2,"22":2,"24":2,"25":2,"26":2,"31":2,"34":2,"38":2,"41":2,"47":2,"48":2}},"/home/travis/build/npmtest/node-npmtest-debug/lib.npmtest_debug.js":{"path":"/home/travis/build/npmtest/node-npmtest-debug/lib.npmtest_debug.js","s":{"1":2,"2":2,"3":2,"4":2,"5":2,"6":2,"7":2,"8":2,"9":2,"10":0,"11":0,"12":0,"13":0,"14":0,"15":0,"16":0,"17":2,"18":2,"19":2,"20":2,"21":2,"22":2,"23":2,"24":2,"25":0,"26":2,"27":1,"28":1,"29":1,"30":1,"31":1,"32":1,"33":1,"34":1,"35":1,"36":1,"37":1,"38":1,"39":1,"40":1,"41":1,"42":1,"43":1,"44":1,"45":1,"46":1,"47":1,"48":1,"49":1,"50":1,"51":1,"52":1,"53":1,"54":1,"55":1,"56":1,"57":1,"58":1,"59":1,"60":1,"61":1,"62":2,"63":2},"b":{"1":[2,1,1],"2":[2,0],"3":[2,1,1],"4":[2,1],"5":[1,1],"6":[2,2],"7":[1,1]},"f":{"1":2,"2":2,"3":2,"4":0,"5":2,"6":0},"fnMap":{"1":{"name":"(anonymous_1)","line":13,"loc":{"start":{"line":13,"column":1},"end":{"line":13,"column":13}}},"2":{"name":"(anonymous_2)","line":21,"loc":{"start":{"line":21,"column":5},"end":{"line":21,"column":17}},"skip":true},"3":{"name":"(anonymous_3)","line":23,"loc":{"start":{"line":23,"column":9},"end":{"line":23,"column":21}},"skip":true},"4":{"name":"(anonymous_4)","line":31,"loc":{"start":{"line":31,"column":27},"end":{"line":31,"column":43}},"skip":true},"5":{"name":"(anonymous_5)","line":47,"loc":{"start":{"line":47,"column":9},"end":{"line":47,"column":21}},"skip":true},"6":{"name":"(anonymous_6)","line":65,"loc":{"start":{"line":65,"column":20},"end":{"line":65,"column":32}},"skip":true}},"statementMap":{"1":{"start":{"line":13,"column":0},"end":{"line":120,"column":5}},"2":{"start":{"line":15,"column":4},"end":{"line":15,"column":14}},"3":{"start":{"line":21,"column":4},"end":{"line":119,"column":9},"skip":true},"4":{"start":{"line":23,"column":8},"end":{"line":43,"column":13},"skip":true},"5":{"start":{"line":24,"column":12},"end":{"line":24,"column":43},"skip":true},"6":{"start":{"line":25,"column":12},"end":{"line":25,"column":71},"skip":true},"7":{"start":{"line":26,"column":12},"end":{"line":26,"column":52},"skip":true},"8":{"start":{"line":27,"column":12},"end":{"line":29,"column":13},"skip":true},"9":{"start":{"line":28,"column":16},"end":{"line":28,"column":23},"skip":true},"10":{"start":{"line":30,"column":12},"end":{"line":30,"column":41},"skip":true},"11":{"start":{"line":31,"column":12},"end":{"line":42,"column":14},"skip":true},"12":{"start":{"line":36,"column":16},"end":{"line":36,"column":61},"skip":true},"13":{"start":{"line":37,"column":16},"end":{"line":37,"column":43},"skip":true},"14":{"start":{"line":38,"column":16},"end":{"line":38,"column":55},"skip":true},"15":{"start":{"line":39,"column":16},"end":{"line":39,"column":35},"skip":true},"16":{"start":{"line":41,"column":16},"end":{"line":41,"column":28},"skip":true},"17":{"start":{"line":45,"column":8},"end":{"line":45,"column":19},"skip":true},"18":{"start":{"line":47,"column":8},"end":{"line":55,"column":13},"skip":true},"19":{"start":{"line":48,"column":12},"end":{"line":53,"column":13},"skip":true},"20":{"start":{"line":49,"column":16},"end":{"line":51,"column":27},"skip":true},"21":{"start":{"line":54,"column":12},"end":{"line":54,"column":53},"skip":true},"22":{"start":{"line":57,"column":8},"end":{"line":59,"column":21},"skip":true},"23":{"start":{"line":61,"column":8},"end":{"line":63,"column":18},"skip":true},"24":{"start":{"line":65,"column":8},"end":{"line":70,"column":10},"skip":true},"25":{"start":{"line":69,"column":12},"end":{"line":69,"column":19},"skip":true},"26":{"start":{"line":72,"column":8},"end":{"line":111,"column":9},"skip":true},"27":{"start":{"line":73,"column":12},"end":{"line":73,"column":56},"skip":true},"28":{"start":{"line":77,"column":12},"end":{"line":77,"column":45},"skip":true},"29":{"start":{"line":78,"column":12},"end":{"line":78,"column":59},"skip":true},"30":{"start":{"line":79,"column":12},"end":{"line":79,"column":47},"skip":true},"31":{"start":{"line":80,"column":12},"end":{"line":80,"column":47},"skip":true},"32":{"start":{"line":81,"column":12},"end":{"line":81,"column":51},"skip":true},"33":{"start":{"line":82,"column":12},"end":{"line":82,"column":45},"skip":true},"34":{"start":{"line":83,"column":12},"end":{"line":83,"column":43},"skip":true},"35":{"start":{"line":84,"column":12},"end":{"line":84,"column":39},"skip":true},"36":{"start":{"line":85,"column":12},"end":{"line":85,"column":45},"skip":true},"37":{"start":{"line":86,"column":12},"end":{"line":86,"column":45},"skip":true},"38":{"start":{"line":87,"column":12},"end":{"line":87,"column":37},"skip":true},"39":{"start":{"line":88,"column":12},"end":{"line":88,"column":41},"skip":true},"40":{"start":{"line":89,"column":12},"end":{"line":89,"column":43},"skip":true},"41":{"start":{"line":90,"column":12},"end":{"line":90,"column":45},"skip":true},"42":{"start":{"line":91,"column":12},"end":{"line":91,"column":39},"skip":true},"43":{"start":{"line":92,"column":12},"end":{"line":92,"column":37},"skip":true},"44":{"start":{"line":93,"column":12},"end":{"line":93,"column":41},"skip":true},"45":{"start":{"line":94,"column":12},"end":{"line":94,"column":47},"skip":true},"46":{"start":{"line":95,"column":12},"end":{"line":95,"column":49},"skip":true},"47":{"start":{"line":96,"column":12},"end":{"line":96,"column":55},"skip":true},"48":{"start":{"line":97,"column":12},"end":{"line":97,"column":49},"skip":true},"49":{"start":{"line":98,"column":12},"end":{"line":98,"column":41},"skip":true},"50":{"start":{"line":99,"column":12},"end":{"line":99,"column":45},"skip":true},"51":{"start":{"line":100,"column":12},"end":{"line":100,"column":61},"skip":true},"52":{"start":{"line":101,"column":12},"end":{"line":101,"column":45},"skip":true},"53":{"start":{"line":102,"column":12},"end":{"line":102,"column":39},"skip":true},"54":{"start":{"line":103,"column":12},"end":{"line":103,"column":39},"skip":true},"55":{"start":{"line":104,"column":12},"end":{"line":104,"column":39},"skip":true},"56":{"start":{"line":105,"column":12},"end":{"line":105,"column":41},"skip":true},"57":{"start":{"line":106,"column":12},"end":{"line":106,"column":37},"skip":true},"58":{"start":{"line":107,"column":12},"end":{"line":107,"column":37},"skip":true},"59":{"start":{"line":108,"column":12},"end":{"line":108,"column":41},"skip":true},"60":{"start":{"line":109,"column":12},"end":{"line":109,"column":35},"skip":true},"61":{"start":{"line":110,"column":12},"end":{"line":110,"column":49},"skip":true},"62":{"start":{"line":113,"column":8},"end":{"line":113,"column":50},"skip":true},"63":{"start":{"line":118,"column":8},"end":{"line":118,"column":15},"skip":true}},"branchMap":{"1":{"line":25,"type":"binary-expr","locations":[{"start":{"line":25,"column":23},"end":{"line":25,"column":49},"skip":true},{"start":{"line":25,"column":53},"end":{"line":25,"column":59},"skip":true},{"start":{"line":25,"column":64},"end":{"line":25,"column":70},"skip":true}]},"2":{"line":27,"type":"if","locations":[{"start":{"line":27,"column":12},"end":{"line":27,"column":12},"skip":true},{"start":{"line":27,"column":12},"end":{"line":27,"column":12},"skip":true}]},"3":{"line":49,"type":"binary-expr","locations":[{"start":{"line":49,"column":31},"end":{"line":49,"column":72},"skip":true},{"start":{"line":50,"column":20},"end":{"line":50,"column":70},"skip":true},{"start":{"line":51,"column":20},"end":{"line":51,"column":26},"skip":true}]},"4":{"line":54,"type":"binary-expr","locations":[{"start":{"line":54,"column":27},"end":{"line":54,"column":39},"skip":true},{"start":{"line":54,"column":43},"end":{"line":54,"column":52},"skip":true}]},"5":{"line":57,"type":"cond-expr","locations":[{"start":{"line":58,"column":14},"end":{"line":58,"column":20},"skip":true},{"start":{"line":59,"column":14},"end":{"line":59,"column":20},"skip":true}]},"6":{"line":61,"type":"binary-expr","locations":[{"start":{"line":61,"column":16},"end":{"line":61,"column":44},"skip":true},{"start":{"line":63,"column":12},"end":{"line":63,"column":17},"skip":true}]},"7":{"line":72,"type":"if","locations":[{"start":{"line":72,"column":8},"end":{"line":72,"column":8},"skip":true},{"start":{"line":72,"column":8},"end":{"line":72,"column":8},"skip":true}]}},"code":["/* istanbul instrument in package npmtest_debug */","/* jslint-utility2 */","/*jslint","    bitwise: true,","    browser: true,","    maxerr: 4,","    maxlen: 100,","    node: true,","    nomen: true,","    regexp: true,","    stupid: true","*/","(function () {","    'use strict';","    var local;","","","","    // run shared js-env code - init-before","    /* istanbul ignore next */","    (function () {","        // init debug_inline","        (function () {","            var consoleError, context, key;","            context = (typeof window === \"object\" && window) || global;","            key = \"debug_inline\".replace(\"_i\", \"I\");","            if (context[key]) {","                return;","            }","            consoleError = console.error;","            context[key] = function (arg0) {","            /*","             * this function will both print arg0 to stderr and return it","             */","                // debug arguments","                context[\"_\" + key + \"Arguments\"] = arguments;","                consoleError(\"\\n\\n\" + key);","                consoleError.apply(console, arguments);","                consoleError(\"\\n\");","                // return arg0 for inspection","                return arg0;","            };","        }());","        // init local","        local = {};","        // init modeJs","        (function () {","            try {","                local.modeJs = typeof process.versions.node === 'string' &&","                    typeof require('http').createServer === 'function' &&","                    'node';","            } catch (ignore) {","            }","            local.modeJs = local.modeJs || 'browser';","        }());","        // init global","        local.global = local.modeJs === 'browser'","            ? window","            : global;","        // re-init local","        local = local.global.utility2_rollup ||","            // local.global.utility2_rollup_old || require('./assets.utility2.rollup.js') ||","            local;","        // init nop","        local.nop = function () {","        /*","         * this function will do nothing","         */","            return;","        };","        // init exports","        if (local.modeJs === 'browser') {","            local.global.utility2_npmtest_debug = local;","        } else {","            // require builtins","            // local.assert = require('assert');","            local.buffer = require('buffer');","            local.child_process = require('child_process');","            local.cluster = require('cluster');","            local.console = require('console');","            local.constants = require('constants');","            local.crypto = require('crypto');","            local.dgram = require('dgram');","            local.dns = require('dns');","            local.domain = require('domain');","            local.events = require('events');","            local.fs = require('fs');","            local.http = require('http');","            local.https = require('https');","            local.module = require('module');","            local.net = require('net');","            local.os = require('os');","            local.path = require('path');","            local.process = require('process');","            local.punycode = require('punycode');","            local.querystring = require('querystring');","            local.readline = require('readline');","            local.repl = require('repl');","            local.stream = require('stream');","            local.string_decoder = require('string_decoder');","            local.timers = require('timers');","            local.tls = require('tls');","            local.tty = require('tty');","            local.url = require('url');","            local.util = require('util');","            local.v8 = require('v8');","            local.vm = require('vm');","            local.zlib = require('zlib');","            module.exports = local;","            module.exports.__dirname = __dirname;","        }","        // init lib main","        local.local = local.npmtest_debug = local;","","","","        /* validateLineSortedReset */","        return;","    }());","}());",""],"l":{"13":2,"15":2,"21":2,"23":2,"24":2,"25":2,"26":2,"27":2,"28":2,"30":1,"31":1,"36":1,"37":1,"38":1,"39":1,"41":1,"45":2,"47":2,"48":2,"49":2,"54":2,"57":2,"61":2,"65":2,"69":1,"72":2,"73":1,"77":1,"78":1,"79":1,"80":1,"81":1,"82":1,"83":1,"84":1,"85":1,"86":1,"87":1,"88":1,"89":1,"90":1,"91":1,"92":1,"93":1,"94":1,"95":1,"96":1,"97":1,"98":1,"99":1,"100":1,"101":1,"102":1,"103":1,"104":1,"105":1,"106":1,"107":1,"108":1,"109":1,"110":1,"113":2,"118":2}},"/home/travis/build/npmtest/node-npmtest-debug/example.js":{"path":"/home/travis/build/npmtest/node-npmtest-debug/example.js","s":{"1":2,"2":2,"3":2,"4":2,"5":2,"6":2,"7":2,"8":2,"9":2,"10":2,"11":2,"12":2,"13":1,"14":2,"15":2,"16":2,"17":2,"18":2,"19":0,"20":2,"21":1,"22":1,"23":1,"24":1,"25":1,"26":0,"27":0,"28":1,"29":1,"30":2,"31":0,"32":0,"33":0,"34":1,"35":2,"36":2,"37":20,"38":20,"39":20,"40":20,"41":0,"42":20,"43":20,"44":20,"45":1,"46":3,"47":1,"48":1,"49":1,"50":1,"51":1,"52":1,"53":1,"54":1,"55":1,"56":1,"57":1,"58":1,"59":1,"60":1,"61":1,"62":1,"63":1,"64":1,"65":1,"66":1,"67":1,"68":1,"69":1,"70":1,"71":1,"72":1,"73":1,"74":1,"75":1,"76":1,"77":1,"78":1,"79":1,"80":1,"81":1,"82":1,"83":1,"84":1,"85":3,"86":3,"87":3,"88":0,"89":1,"90":1,"91":1,"92":6,"93":1,"94":2,"95":0,"96":2,"97":1,"98":1,"99":1,"100":0,"101":0,"102":0,"103":0,"104":0,"105":0,"106":0,"107":0,"108":0,"109":0,"110":0,"111":0,"112":0,"113":0,"114":0,"115":0},"b":{"1":[2,1,1],"2":[2,1],"3":[1,1],"4":[2,2],"5":[1,1],"6":[1,1],"7":[2,0],"8":[2,1,1,1,1,1],"9":[0,2,0],"10":[1,1],"11":[2,1,1],"12":[1,0],"13":[0,2],"14":[2,0,0,0,0,0,0],"15":[0,20],"16":[20,0],"17":[1,1],"18":[3,3],"19":[0,3],"20":[1,1],"21":[1,2,0,2,1],"22":[1,0],"23":[1,0],"24":[0,0],"25":[0,0],"26":[0,0],"27":[0,0],"28":[0,0],"29":[0,0]},"f":{"1":2,"2":2,"3":2,"4":2,"5":2,"6":2,"7":20,"8":20,"9":3,"10":1,"11":3,"12":6,"13":0},"fnMap":{"1":{"name":"(anonymous_1)","line":28,"loc":{"start":{"line":28,"column":1},"end":{"line":28,"column":13}}},"2":{"name":"(anonymous_2)","line":35,"loc":{"start":{"line":35,"column":5},"end":{"line":35,"column":17}}},"3":{"name":"(anonymous_3)","line":39,"loc":{"start":{"line":39,"column":9},"end":{"line":39,"column":21}}},"4":{"name":"(anonymous_4)","line":66,"loc":{"start":{"line":66,"column":31},"end":{"line":66,"column":48}},"skip":true},"5":{"name":"(anonymous_5)","line":75,"loc":{"start":{"line":75,"column":26},"end":{"line":75,"column":45}},"skip":true},"6":{"name":"(anonymous_6)","line":119,"loc":{"start":{"line":119,"column":33},"end":{"line":119,"column":48}},"skip":true},"7":{"name":"(anonymous_7)","line":121,"loc":{"start":{"line":121,"column":27},"end":{"line":121,"column":39}},"skip":true},"8":{"name":"(anonymous_8)","line":129,"loc":{"start":{"line":129,"column":59},"end":{"line":129,"column":74}},"skip":true},"9":{"name":"(anonymous_9)","line":139,"loc":{"start":{"line":139,"column":45},"end":{"line":139,"column":62}},"skip":true},"10":{"name":"(anonymous_10)","line":140,"loc":{"start":{"line":140,"column":73},"end":{"line":140,"column":92}},"skip":true},"11":{"name":"(anonymous_11)","line":196,"loc":{"start":{"line":196,"column":18},"end":{"line":196,"column":34}},"skip":true},"12":{"name":"(anonymous_12)","line":469,"loc":{"start":{"line":469,"column":47},"end":{"line":469,"column":73}},"skip":true},"13":{"name":"(anonymous_13)","line":502,"loc":{"start":{"line":502,"column":32},"end":{"line":502,"column":61}},"skip":true}},"statementMap":{"1":{"start":{"line":28,"column":0},"end":{"line":513,"column":5}},"2":{"start":{"line":30,"column":4},"end":{"line":30,"column":14}},"3":{"start":{"line":35,"column":4},"end":{"line":58,"column":9}},"4":{"start":{"line":37,"column":8},"end":{"line":37,"column":19}},"5":{"start":{"line":39,"column":8},"end":{"line":47,"column":13}},"6":{"start":{"line":40,"column":12},"end":{"line":45,"column":13}},"7":{"start":{"line":41,"column":16},"end":{"line":43,"column":27}},"8":{"start":{"line":46,"column":12},"end":{"line":46,"column":53}},"9":{"start":{"line":49,"column":8},"end":{"line":51,"column":21}},"10":{"start":{"line":53,"column":8},"end":{"line":55,"column":45}},"11":{"start":{"line":57,"column":8},"end":{"line":57,"column":35}},"12":{"start":{"line":59,"column":4},"end":{"line":512,"column":5}},"13":{"start":{"line":66,"column":8},"end":{"line":117,"column":10},"skip":true},"14":{"start":{"line":67,"column":12},"end":{"line":85,"column":13},"skip":true},"15":{"start":{"line":73,"column":16},"end":{"line":84,"column":19},"skip":true},"16":{"start":{"line":76,"column":20},"end":{"line":83,"column":21},"skip":true},"17":{"start":{"line":79,"column":24},"end":{"line":79,"column":43},"skip":true},"18":{"start":{"line":80,"column":24},"end":{"line":80,"column":30},"skip":true},"19":{"start":{"line":82,"column":24},"end":{"line":82,"column":49},"skip":true},"20":{"start":{"line":86,"column":12},"end":{"line":103,"column":13},"skip":true},"21":{"start":{"line":89,"column":16},"end":{"line":98,"column":17},"skip":true},"22":{"start":{"line":90,"column":20},"end":{"line":90,"column":88},"skip":true},"23":{"start":{"line":91,"column":20},"end":{"line":91,"column":97},"skip":true},"24":{"start":{"line":92,"column":20},"end":{"line":92,"column":42},"skip":true},"25":{"start":{"line":93,"column":20},"end":{"line":93,"column":48},"skip":true},"26":{"start":{"line":96,"column":20},"end":{"line":96,"column":86},"skip":true},"27":{"start":{"line":97,"column":20},"end":{"line":97,"column":96},"skip":true},"28":{"start":{"line":99,"column":16},"end":{"line":99,"column":22},"skip":true},"29":{"start":{"line":102,"column":16},"end":{"line":102,"column":22},"skip":true},"30":{"start":{"line":104,"column":12},"end":{"line":116,"column":13},"skip":true},"31":{"start":{"line":110,"column":16},"end":{"line":115,"column":17},"skip":true},"32":{"start":{"line":112,"column":20},"end":{"line":112,"column":78},"skip":true},"33":{"start":{"line":114,"column":20},"end":{"line":114,"column":47},"skip":true},"34":{"start":{"line":119,"column":8},"end":{"line":137,"column":11},"skip":true},"35":{"start":{"line":120,"column":12},"end":{"line":120,"column":54},"skip":true},"36":{"start":{"line":121,"column":12},"end":{"line":136,"column":14},"skip":true},"37":{"start":{"line":122,"column":16},"end":{"line":122,"column":28},"skip":true},"38":{"start":{"line":123,"column":16},"end":{"line":123,"column":69},"skip":true},"39":{"start":{"line":124,"column":16},"end":{"line":124,"column":75},"skip":true},"40":{"start":{"line":125,"column":16},"end":{"line":127,"column":17},"skip":true},"41":{"start":{"line":126,"column":20},"end":{"line":126,"column":27},"skip":true},"42":{"start":{"line":129,"column":16},"end":{"line":133,"column":36},"skip":true},"43":{"start":{"line":130,"column":20},"end":{"line":132,"column":55},"skip":true},"44":{"start":{"line":135,"column":16},"end":{"line":135,"column":57},"skip":true},"45":{"start":{"line":139,"column":8},"end":{"line":143,"column":11},"skip":true},"46":{"start":{"line":140,"column":12},"end":{"line":142,"column":15},"skip":true},"47":{"start":{"line":141,"column":16},"end":{"line":141,"column":70},"skip":true},"48":{"start":{"line":145,"column":8},"end":{"line":145,"column":31},"skip":true},"49":{"start":{"line":146,"column":8},"end":{"line":146,"column":14},"skip":true},"50":{"start":{"line":154,"column":8},"end":{"line":154,"column":31},"skip":true},"51":{"start":{"line":157,"column":8},"end":{"line":157,"column":41},"skip":true},"52":{"start":{"line":158,"column":8},"end":{"line":158,"column":55},"skip":true},"53":{"start":{"line":159,"column":8},"end":{"line":159,"column":43},"skip":true},"54":{"start":{"line":160,"column":8},"end":{"line":160,"column":43},"skip":true},"55":{"start":{"line":161,"column":8},"end":{"line":161,"column":47},"skip":true},"56":{"start":{"line":162,"column":8},"end":{"line":162,"column":41},"skip":true},"57":{"start":{"line":163,"column":8},"end":{"line":163,"column":39},"skip":true},"58":{"start":{"line":164,"column":8},"end":{"line":164,"column":35},"skip":true},"59":{"start":{"line":165,"column":8},"end":{"line":165,"column":41},"skip":true},"60":{"start":{"line":166,"column":8},"end":{"line":166,"column":41},"skip":true},"61":{"start":{"line":167,"column":8},"end":{"line":167,"column":33},"skip":true},"62":{"start":{"line":168,"column":8},"end":{"line":168,"column":37},"skip":true},"63":{"start":{"line":169,"column":8},"end":{"line":169,"column":39},"skip":true},"64":{"start":{"line":170,"column":8},"end":{"line":170,"column":41},"skip":true},"65":{"start":{"line":171,"column":8},"end":{"line":171,"column":35},"skip":true},"66":{"start":{"line":172,"column":8},"end":{"line":172,"column":33},"skip":true},"67":{"start":{"line":173,"column":8},"end":{"line":173,"column":37},"skip":true},"68":{"start":{"line":174,"column":8},"end":{"line":174,"column":43},"skip":true},"69":{"start":{"line":175,"column":8},"end":{"line":175,"column":45},"skip":true},"70":{"start":{"line":176,"column":8},"end":{"line":176,"column":51},"skip":true},"71":{"start":{"line":177,"column":8},"end":{"line":177,"column":45},"skip":true},"72":{"start":{"line":178,"column":8},"end":{"line":178,"column":37},"skip":true},"73":{"start":{"line":179,"column":8},"end":{"line":179,"column":41},"skip":true},"74":{"start":{"line":180,"column":8},"end":{"line":180,"column":57},"skip":true},"75":{"start":{"line":181,"column":8},"end":{"line":181,"column":41},"skip":true},"76":{"start":{"line":182,"column":8},"end":{"line":182,"column":35},"skip":true},"77":{"start":{"line":183,"column":8},"end":{"line":183,"column":35},"skip":true},"78":{"start":{"line":184,"column":8},"end":{"line":184,"column":35},"skip":true},"79":{"start":{"line":185,"column":8},"end":{"line":185,"column":37},"skip":true},"80":{"start":{"line":186,"column":8},"end":{"line":186,"column":33},"skip":true},"81":{"start":{"line":187,"column":8},"end":{"line":187,"column":33},"skip":true},"82":{"start":{"line":188,"column":8},"end":{"line":188,"column":37},"skip":true},"83":{"start":{"line":191,"column":8},"end":{"line":191,"column":50},"skip":true},"84":{"start":{"line":192,"column":8},"end":{"line":205,"column":11},"skip":true},"85":{"start":{"line":197,"column":12},"end":{"line":197,"column":30},"skip":true},"86":{"start":{"line":198,"column":12},"end":{"line":198,"column":66},"skip":true},"87":{"start":{"line":199,"column":12},"end":{"line":204,"column":13},"skip":true},"88":{"start":{"line":200,"column":16},"end":{"line":203,"column":18},"skip":true},"89":{"start":{"line":207,"column":8},"end":{"line":455,"column":2},"skip":true},"90":{"start":{"line":460,"column":8},"end":{"line":463,"column":36},"skip":true},"91":{"start":{"line":466,"column":8},"end":{"line":482,"column":15},"skip":true},"92":{"start":{"line":470,"column":16},"end":{"line":481,"column":17},"skip":true},"93":{"start":{"line":472,"column":20},"end":{"line":472,"column":60},"skip":true},"94":{"start":{"line":474,"column":20},"end":{"line":474,"column":43},"skip":true},"95":{"start":{"line":476,"column":20},"end":{"line":476,"column":43},"skip":true},"96":{"start":{"line":478,"column":20},"end":{"line":478,"column":35},"skip":true},"97":{"start":{"line":480,"column":20},"end":{"line":480,"column":34},"skip":true},"98":{"start":{"line":484,"column":8},"end":{"line":486,"column":9},"skip":true},"99":{"start":{"line":485,"column":12},"end":{"line":485,"column":18},"skip":true},"100":{"start":{"line":487,"column":8},"end":{"line":489,"column":54},"skip":true},"101":{"start":{"line":490,"column":8},"end":{"line":490,"column":82},"skip":true},"102":{"start":{"line":493,"column":8},"end":{"line":495,"column":9},"skip":true},"103":{"start":{"line":494,"column":12},"end":{"line":494,"column":82},"skip":true},"104":{"start":{"line":497,"column":8},"end":{"line":499,"column":9},"skip":true},"105":{"start":{"line":498,"column":12},"end":{"line":498,"column":18},"skip":true},"106":{"start":{"line":500,"column":8},"end":{"line":500,"column":54},"skip":true},"107":{"start":{"line":501,"column":8},"end":{"line":501,"column":69},"skip":true},"108":{"start":{"line":502,"column":8},"end":{"line":510,"column":36},"skip":true},"109":{"start":{"line":503,"column":12},"end":{"line":503,"column":61},"skip":true},"110":{"start":{"line":504,"column":12},"end":{"line":507,"column":13},"skip":true},"111":{"start":{"line":505,"column":16},"end":{"line":505,"column":75},"skip":true},"112":{"start":{"line":506,"column":16},"end":{"line":506,"column":23},"skip":true},"113":{"start":{"line":508,"column":12},"end":{"line":508,"column":38},"skip":true},"114":{"start":{"line":509,"column":12},"end":{"line":509,"column":27},"skip":true},"115":{"start":{"line":511,"column":8},"end":{"line":511,"column":14},"skip":true}},"branchMap":{"1":{"line":41,"type":"binary-expr","locations":[{"start":{"line":41,"column":31},"end":{"line":41,"column":72}},{"start":{"line":42,"column":20},"end":{"line":42,"column":70}},{"start":{"line":43,"column":20},"end":{"line":43,"column":26}}]},"2":{"line":46,"type":"binary-expr","locations":[{"start":{"line":46,"column":27},"end":{"line":46,"column":39}},{"start":{"line":46,"column":43},"end":{"line":46,"column":52}}]},"3":{"line":49,"type":"cond-expr","locations":[{"start":{"line":50,"column":14},"end":{"line":50,"column":20}},{"start":{"line":51,"column":14},"end":{"line":51,"column":20}}]},"4":{"line":53,"type":"binary-expr","locations":[{"start":{"line":53,"column":16},"end":{"line":53,"column":44}},{"start":{"line":53,"column":49},"end":{"line":55,"column":43}}]},"5":{"line":53,"type":"cond-expr","locations":[{"start":{"line":54,"column":14},"end":{"line":54,"column":49}},{"start":{"line":55,"column":14},"end":{"line":55,"column":43}}]},"6":{"line":59,"type":"switch","locations":[{"start":{"line":65,"column":4},"end":{"line":146,"column":14},"skip":true},{"start":{"line":152,"column":4},"end":{"line":511,"column":14},"skip":true}]},"7":{"line":67,"type":"if","locations":[{"start":{"line":67,"column":12},"end":{"line":67,"column":12},"skip":true},{"start":{"line":67,"column":12},"end":{"line":67,"column":12},"skip":true}]},"8":{"line":67,"type":"binary-expr","locations":[{"start":{"line":67,"column":16},"end":{"line":67,"column":22},"skip":true},{"start":{"line":67,"column":27},"end":{"line":67,"column":32},"skip":true},{"start":{"line":68,"column":20},"end":{"line":68,"column":39},"skip":true},{"start":{"line":69,"column":20},"end":{"line":69,"column":49},"skip":true},{"start":{"line":70,"column":20},"end":{"line":70,"column":58},"skip":true},{"start":{"line":71,"column":20},"end":{"line":71,"column":69},"skip":true}]},"9":{"line":76,"type":"switch","locations":[{"start":{"line":77,"column":20},"end":{"line":77,"column":33},"skip":true},{"start":{"line":78,"column":20},"end":{"line":80,"column":30},"skip":true},{"start":{"line":81,"column":20},"end":{"line":82,"column":49},"skip":true}]},"10":{"line":86,"type":"switch","locations":[{"start":{"line":87,"column":12},"end":{"line":99,"column":22},"skip":true},{"start":{"line":101,"column":12},"end":{"line":102,"column":22},"skip":true}]},"11":{"line":86,"type":"binary-expr","locations":[{"start":{"line":86,"column":20},"end":{"line":86,"column":25},"skip":true},{"start":{"line":86,"column":29},"end":{"line":86,"column":48},"skip":true},{"start":{"line":86,"column":52},"end":{"line":86,"column":74},"skip":true}]},"12":{"line":89,"type":"if","locations":[{"start":{"line":89,"column":16},"end":{"line":89,"column":16},"skip":true},{"start":{"line":89,"column":16},"end":{"line":89,"column":16},"skip":true}]},"13":{"line":104,"type":"if","locations":[{"start":{"line":104,"column":12},"end":{"line":104,"column":12},"skip":true},{"start":{"line":104,"column":12},"end":{"line":104,"column":12},"skip":true}]},"14":{"line":104,"type":"binary-expr","locations":[{"start":{"line":104,"column":16},"end":{"line":104,"column":61},"skip":true},{"start":{"line":104,"column":66},"end":{"line":104,"column":72},"skip":true},{"start":{"line":104,"column":77},"end":{"line":104,"column":82},"skip":true},{"start":{"line":105,"column":20},"end":{"line":105,"column":39},"skip":true},{"start":{"line":106,"column":20},"end":{"line":106,"column":49},"skip":true},{"start":{"line":107,"column":20},"end":{"line":107,"column":58},"skip":true},{"start":{"line":108,"column":20},"end":{"line":108,"column":68},"skip":true}]},"15":{"line":125,"type":"if","locations":[{"start":{"line":125,"column":16},"end":{"line":125,"column":16},"skip":true},{"start":{"line":125,"column":16},"end":{"line":125,"column":16},"skip":true}]},"16":{"line":130,"type":"cond-expr","locations":[{"start":{"line":131,"column":26},"end":{"line":131,"column":29},"skip":true},{"start":{"line":132,"column":26},"end":{"line":132,"column":54},"skip":true}]},"17":{"line":191,"type":"binary-expr","locations":[{"start":{"line":191,"column":27},"end":{"line":191,"column":43},"skip":true},{"start":{"line":191,"column":47},"end":{"line":191,"column":49},"skip":true}]},"18":{"line":198,"type":"binary-expr","locations":[{"start":{"line":198,"column":37},"end":{"line":198,"column":59},"skip":true},{"start":{"line":198,"column":63},"end":{"line":198,"column":65},"skip":true}]},"19":{"line":199,"type":"if","locations":[{"start":{"line":199,"column":12},"end":{"line":199,"column":12},"skip":true},{"start":{"line":199,"column":12},"end":{"line":199,"column":12},"skip":true}]},"20":{"line":461,"type":"binary-expr","locations":[{"start":{"line":461,"column":12},"end":{"line":461,"column":56},"skip":true},{"start":{"line":462,"column":12},"end":{"line":463,"column":35},"skip":true}]},"21":{"line":470,"type":"switch","locations":[{"start":{"line":471,"column":16},"end":{"line":472,"column":60},"skip":true},{"start":{"line":473,"column":16},"end":{"line":474,"column":43},"skip":true},{"start":{"line":475,"column":16},"end":{"line":476,"column":43},"skip":true},{"start":{"line":477,"column":16},"end":{"line":478,"column":35},"skip":true},{"start":{"line":479,"column":16},"end":{"line":480,"column":34},"skip":true}]},"22":{"line":484,"type":"if","locations":[{"start":{"line":484,"column":8},"end":{"line":484,"column":8},"skip":true},{"start":{"line":484,"column":8},"end":{"line":484,"column":8},"skip":true}]},"23":{"line":484,"type":"binary-expr","locations":[{"start":{"line":484,"column":12},"end":{"line":484,"column":35},"skip":true},{"start":{"line":484,"column":39},"end":{"line":484,"column":67},"skip":true}]},"24":{"line":488,"type":"binary-expr","locations":[{"start":{"line":488,"column":12},"end":{"line":488,"column":50},"skip":true},{"start":{"line":489,"column":12},"end":{"line":489,"column":53},"skip":true}]},"25":{"line":490,"type":"binary-expr","locations":[{"start":{"line":490,"column":43},"end":{"line":490,"column":75},"skip":true},{"start":{"line":490,"column":79},"end":{"line":490,"column":81},"skip":true}]},"26":{"line":493,"type":"if","locations":[{"start":{"line":493,"column":8},"end":{"line":493,"column":8},"skip":true},{"start":{"line":493,"column":8},"end":{"line":493,"column":8},"skip":true}]},"27":{"line":497,"type":"if","locations":[{"start":{"line":497,"column":8},"end":{"line":497,"column":8},"skip":true},{"start":{"line":497,"column":8},"end":{"line":497,"column":8},"skip":true}]},"28":{"line":500,"type":"binary-expr","locations":[{"start":{"line":500,"column":27},"end":{"line":500,"column":43},"skip":true},{"start":{"line":500,"column":47},"end":{"line":500,"column":53},"skip":true}]},"29":{"line":504,"type":"if","locations":[{"start":{"line":504,"column":12},"end":{"line":504,"column":12},"skip":true},{"start":{"line":504,"column":12},"end":{"line":504,"column":12},"skip":true}]}},"code":["/*","example.js","","this script will run a web-demo of npmtest-debug","","instruction","    1. save this script as example.js","    2. run the shell command:","        $ npm install npmtest-debug && PORT=8081 node example.js","    3. open a browser to http://127.0.0.1:8081 and play with the web-demo","    4. edit this script to suit your needs","*/","","","","/* istanbul instrument in package npmtest_debug */","/* jslint-utility2 */","/*jslint","    bitwise: true,","    browser: true,","    maxerr: 4,","    maxlen: 100,","    node: true,","    nomen: true,","    regexp: true,","    stupid: true","*/","(function () {","    'use strict';","    var local;","","","","    // run shared js-env code - init-before","    (function () {","        // init local","        local = {};","        // init modeJs","        (function () {","            try {","                local.modeJs = typeof process.versions.node === 'string' &&","                    typeof require('http').createServer === 'function' &&","                    'node';","            } catch (ignore) {","            }","            local.modeJs = local.modeJs || 'browser';","        }());","        // init global","        local.global = local.modeJs === 'browser'","            ? window","            : global;","        // re-init local","        local = local.global.utility2_rollup || (local.modeJs === 'browser'","            ? local.global.utility2_npmtest_debug","            : global.utility2_moduleExports);","        // init exports","        local.global.local = local;","    }());","    switch (local.modeJs) {","","","","    // run browser js-env code - init-test","    /* istanbul ignore next */","    case 'browser':","        local.testRunBrowser = function (event) {","            if (!event || (event &&","                    event.currentTarget &&","                    event.currentTarget.className &&","                    event.currentTarget.className.includes &&","                    event.currentTarget.className.includes('onreset'))) {","                // reset output","                Array.from(","                    document.querySelectorAll('body > .resettable')","                ).forEach(function (element) {","                    switch (element.tagName) {","                    case 'INPUT':","                    case 'TEXTAREA':","                        element.value = '';","                        break;","                    default:","                        element.textContent = '';","                    }","                });","            }","            switch (event && event.currentTarget && event.currentTarget.id) {","            case 'testRunButton1':","                // show tests","                if (document.querySelector('#testReportDiv1').style.maxHeight === '0px') {","                    local.uiAnimateSlideDown(document.querySelector('#testReportDiv1'));","                    document.querySelector('#testRunButton1').textContent = 'hide internal test';","                    local.modeTest = true;","                    local.testRunDefault(local);","                // hide tests","                } else {","                    local.uiAnimateSlideUp(document.querySelector('#testReportDiv1'));","                    document.querySelector('#testRunButton1').textContent = 'run internal test';","                }","                break;","            // custom-case","            default:","                break;","            }","            if (document.querySelector('#inputTextareaEval1') && (!event || (event &&","                    event.currentTarget &&","                    event.currentTarget.className &&","                    event.currentTarget.className.includes &&","                    event.currentTarget.className.includes('oneval')))) {","                // try to eval input-code","                try {","                    /*jslint evil: true*/","                    eval(document.querySelector('#inputTextareaEval1').value);","                } catch (errorCaught) {","                    console.error(errorCaught);","                }","            }","        };","        // log stderr and stdout to #outputTextareaStdout1","        ['error', 'log'].forEach(function (key) {","            console[key + '_original'] = console[key];","            console[key] = function () {","                var element;","                console[key + '_original'].apply(console, arguments);","                element = document.querySelector('#outputTextareaStdout1');","                if (!element) {","                    return;","                }","                // append text to #outputTextareaStdout1","                element.value += Array.from(arguments).map(function (arg) {","                    return typeof arg === 'string'","                        ? arg","                        : JSON.stringify(arg, null, 4);","                }).join(' ') + '\\n';","                // scroll textarea to bottom","                element.scrollTop = element.scrollHeight;","            };","        });","        // init event-handling","        ['change', 'click', 'keyup'].forEach(function (event) {","            Array.from(document.querySelectorAll('.on' + event)).forEach(function (element) {","                element.addEventListener(event, local.testRunBrowser);","            });","        });","        // run tests","        local.testRunBrowser();","        break;","","","","    // run node js-env code - init-test","    /* istanbul ignore next */","    case 'node':","        // init exports","        module.exports = local;","        // require builtins","        // local.assert = require('assert');","        local.buffer = require('buffer');","        local.child_process = require('child_process');","        local.cluster = require('cluster');","        local.console = require('console');","        local.constants = require('constants');","        local.crypto = require('crypto');","        local.dgram = require('dgram');","        local.dns = require('dns');","        local.domain = require('domain');","        local.events = require('events');","        local.fs = require('fs');","        local.http = require('http');","        local.https = require('https');","        local.module = require('module');","        local.net = require('net');","        local.os = require('os');","        local.path = require('path');","        local.process = require('process');","        local.punycode = require('punycode');","        local.querystring = require('querystring');","        local.readline = require('readline');","        local.repl = require('repl');","        local.stream = require('stream');","        local.string_decoder = require('string_decoder');","        local.timers = require('timers');","        local.tls = require('tls');","        local.tty = require('tty');","        local.url = require('url');","        local.util = require('util');","        local.v8 = require('v8');","        local.vm = require('vm');","        local.zlib = require('zlib');","        /* validateLineSortedReset */","        // init assets","        local.assetsDict = local.assetsDict || {};","        [","            'assets.index.template.html',","            'assets.swgg.swagger.json',","            'assets.swgg.swagger.server.json'","        ].forEach(function (file) {","            file = '/' + file;","            local.assetsDict[file] = local.assetsDict[file] || '';","            if (local.fs.existsSync(local.__dirname + file)) {","                local.assetsDict[file] = local.fs.readFileSync(","                    local.__dirname + file,","                    'utf8'","                );","            }","        });","        /* jslint-ignore-begin */","        local.assetsDict['/assets.index.template.html'] = '\\","<!doctype html>\\n\\","<html lang=\"en\">\\n\\","<head>\\n\\","<meta charset=\"UTF-8\">\\n\\","<meta name=\"viewport\" content=\"width=device-width, initial-scale=1\">\\n\\","<!-- \"assets.utility2.template.html\" -->\\n\\","<title>{{env.npm_package_name}} ({{env.npm_package_version}})</title>\\n\\","<style>\\n\\","/* jslint-utility2 */\\n\\","/*csslint\\n\\","*/\\n\\","/* jslint-ignore-begin */\\n\\","*,\\n\\","*:after,\\n\\","*:before {\\n\\","    box-sizing: border-box;\\n\\","}\\n\\","/* jslint-ignore-end */\\n\\","@keyframes uiAnimateShake {\\n\\","    0%, 50% {\\n\\","        transform: translateX(10px);\\n\\","    }\\n\\","    25%, 75% {\\n\\","        transform: translateX(-10px);\\n\\","    }\\n\\","    100% {\\n\\","        transform: translateX(0);\\n\\","    }\\n\\","}\\n\\","@keyframes uiAnimateSpin {\\n\\","    0% {\\n\\","        transform: rotate(0deg);\\n\\","    }\\n\\","    100% {\\n\\","        transform: rotate(360deg);\\n\\","    }\\n\\","}\\n\\","a {\\n\\","    overflow-wrap: break-word;\\n\\","}\\n\\","body {\\n\\","    background: #eef;\\n\\","    font-family: Arial, Helvetica, sans-serif;\\n\\","    margin: 0 40px;\\n\\","}\\n\\","body > div,\\n\\","body > pre,\\n\\","body > textarea,\\n\\","body > .button {\\n\\","    margin-bottom: 20px;\\n\\","}\\n\\","body > textarea {\\n\\","    height: 10rem;\\n\\","    width: 100%;\\n\\","}\\n\\","body > textarea[readonly] {\\n\\","    background: #ddd;\\n\\","}\\n\\","body > .button {\\n\\","    width: 20rem;\\n\\","}\\n\\","code,\\n\\","pre,\\n\\","textarea {\\n\\","    font-family: Consolas, Menlo, monospace;\\n\\","    font-size: small;\\n\\","}\\n\\","pre {\\n\\","    overflow-wrap: break-word;\\n\\","    white-space: pre-wrap;\\n\\","}\\n\\","textarea {\\n\\","    overflow: auto;\\n\\","    white-space: pre;\\n\\","}\\n\\",".button {\\n\\","    background-color: #fff;\\n\\","    border: 1px solid;\\n\\","    border-bottom-color: rgb(186, 186, 186);\\n\\","    border-left-color: rgb(209, 209, 209);\\n\\","    border-radius: 4px;\\n\\","    border-right-color: rgb(209, 209, 209);\\n\\","    border-top-color: rgb(216, 216, 216);\\n\\","    color: #00d;\\n\\","    cursor: pointer;\\n\\","    display: inline-block;\\n\\","    font-family: Arial, Helvetica, sans-serif;\\n\\","    font-size: 12px;\\n\\","    font-style: normal;\\n\\","    font-weight: normal;\\n\\","    margin: 0;\\n\\","    padding: 2px 7px 3px 7px;\\n\\","    text-align: center;\\n\\","    text-decoration: underline;\\n\\","}\\n\\",".colorError {\\n\\","    color: #d00;\\n\\","}\\n\\",".uiAnimateShake {\\n\\","    animation-duration: 500ms;\\n\\","    animation-name: uiAnimateShake;\\n\\","}\\n\\",".uiAnimateSlide {\\n\\","    overflow-y: hidden;\\n\\","    transition: max-height ease-in 250ms, min-height ease-in 250ms, padding-bottom ease-in 250ms, padding-top ease-in 250ms;\\n\\","}\\n\\",".utility2FooterDiv {\\n\\","    text-align: center;\\n\\","}\\n\\",".zeroPixel {\\n\\","    border: 0;\\n\\","    height: 0;\\n\\","    margin: 0;\\n\\","    padding: 0;\\n\\","    width: 0;\\n\\","}\\n\\","</style>\\n\\","</head>\\n\\","<body>\\n\\","<div id=\"ajaxProgressDiv1\" style=\"background: #d00; height: 2px; left: 0; margin: 0; padding: 0; position: fixed; top: 0; transition: background 500ms, width 1500ms; width: 0%; z-index: 1;\"></div>\\n\\","<div class=\"uiAnimateSpin\" style=\"animation: uiAnimateSpin 2s linear infinite; border: 5px solid #999; border-radius: 50%; border-top: 5px solid #7d7; display: none; height: 25px; vertical-align: middle; width: 25px;\"></div>\\n\\","<code style=\"display: none;\"></code><div class=\"button colorError uiAnimateShake uiAnimateSlide utility2FooterDiv zeroPixel\" style=\"display: none;\"></div><pre style=\"display: none;\"></pre><textarea readonly style=\"display: none;\"></textarea>\\n\\","<script>\\n\\","/* jslint-utility2 */\\n\\","/*jslint\\n\\","    bitwise: true,\\n\\","    browser: true,\\n\\","    maxerr: 4,\\n\\","    maxlen: 100,\\n\\","    node: true,\\n\\","    nomen: true,\\n\\","    regexp: true,\\n\\","    stupid: true\\n\\","*/\\n\\","// init timerIntervalAjaxProgressUpdate\\n\\","(function () {\\n\\","/*\\n\\"," * this function will increment the ajax-progress-bar until the webpage has loaded\\n\\"," */\\n\\","    \"use strict\";\\n\\","    var ajaxProgressDiv1,\\n\\","        ajaxProgressState,\\n\\","        ajaxProgressUpdate;\\n\\","    if (window.timerIntervalAjaxProgressUpdate) {\\n\\","        return;\\n\\","    }\\n\\","    ajaxProgressDiv1 = document.querySelector(\"#ajaxProgressDiv1\");\\n\\","    setTimeout(function () {\\n\\","        ajaxProgressDiv1.style.width = \"25%\";\\n\\","    });\\n\\","    ajaxProgressState = 0;\\n\\","    ajaxProgressUpdate = (window.local &&\\n\\","        window.local.ajaxProgressUpdate) || function () {\\n\\","        ajaxProgressDiv1.style.width = \"100%\";\\n\\","        setTimeout(function () {\\n\\","            ajaxProgressDiv1.style.background = \"transparent\";\\n\\","            setTimeout(function () {\\n\\","                ajaxProgressDiv1.style.width = \"0%\";\\n\\","            }, 500);\\n\\","        }, 1500);\\n\\","    };\\n\\","    window.timerIntervalAjaxProgressUpdate = setInterval(function () {\\n\\","        ajaxProgressState += 1;\\n\\","        ajaxProgressDiv1.style.width = Math.max(\\n\\","            100 - 75 * Math.exp(-0.125 * ajaxProgressState),\\n\\","            ajaxProgressDiv1.style.width.slice(0, -1) | 0\\n\\","        ) + \"%\";\\n\\","    }, 1000);\\n\\","    window.addEventListener(\"load\", function () {\\n\\","        clearInterval(window.timerIntervalAjaxProgressUpdate);\\n\\","        ajaxProgressUpdate();\\n\\","    });\\n\\","}());\\n\\","// init domOnEventSelectAllWithinPre\\n\\","(function () {\\n\\","/*\\n\\"," * this function will limit select-all within <pre tabIndex=\"0\"> elements\\n\\"," * https://stackoverflow.com/questions/985272/selecting-text-in-an-element-akin-to-highlighting-with-your-mouse\\n\\"," */\\n\\","    \"use strict\";\\n\\","    if (window.domOnEventSelectAllWithinPre) {\\n\\","        return;\\n\\","    }\\n\\","    window.domOnEventSelectAllWithinPre = function (event) {\\n\\","        var range, selection;\\n\\","        if (event &&\\n\\","                event.code === \"KeyA\" &&\\n\\","                (event.ctrlKey || event.metaKey) &&\\n\\","                event.target.closest(\"pre\")) {\\n\\","            range = document.createRange();\\n\\","            range.selectNodeContents(event.target.closest(\"pre\"));\\n\\","            selection = window.getSelection();\\n\\","            selection.removeAllRanges();\\n\\","            selection.addRange(range);\\n\\","            event.preventDefault();\\n\\","        }\\n\\","    };\\n\\","    document.addEventListener(\"keydown\", window.domOnEventSelectAllWithinPre);\\n\\","}());\\n\\","</script>\\n\\","<h1>\\n\\","<!-- utility2-comment\\n\\","    <a\\n\\","        {{#if env.npm_package_homepage}}\\n\\","        href=\"{{env.npm_package_homepage}}\"\\n\\","        {{/if env.npm_package_homepage}}\\n\\","        target=\"_blank\"\\n\\","    >\\n\\","utility2-comment -->\\n\\","        {{env.npm_package_name}} ({{env.npm_package_version}})\\n\\","<!-- utility2-comment\\n\\","    </a>\\n\\","utility2-comment -->\\n\\","</h1>\\n\\","<h3>{{env.npm_package_description}}</h3>\\n\\","<!-- utility2-comment\\n\\","<a class=\"button\" download href=\"assets.app.js\">download standalone app</a><br>\\n\\","<button class=\"button onclick onreset\" id=\"testRunButton1\">run internal test</button><br>\\n\\","<div class=\"uiAnimateSlide\" id=\"testReportDiv1\" style=\"border-bottom: 0; border-top: 0; margin-bottom: 0; margin-top: 0; max-height: 0; padding-bottom: 0; padding-top: 0;\"></div>\\n\\","utility2-comment -->\\n\\","\\n\\","\\n\\","\\n\\","<label>stderr and stdout</label>\\n\\","<textarea class=\"resettable\" id=\"outputTextareaStdout1\" readonly></textarea>\\n\\","<!-- utility2-comment\\n\\","{{#if isRollup}}\\n\\","<script src=\"assets.app.js\"></script>\\n\\","{{#unless isRollup}}\\n\\","utility2-comment -->\\n\\","<script src=\"assets.utility2.rollup.js\"></script>\\n\\","<script>window.utility2.onResetBefore.counter += 1;</script>\\n\\","<script src=\"jsonp.utility2.stateInit?callback=window.utility2.stateInit\"></script>\\n\\","<script src=\"assets.npmtest_debug.js\"></script>\\n\\","<script src=\"assets.example.js\"></script>\\n\\","<script src=\"assets.test.js\"></script>\\n\\","<script>window.utility2.onResetBefore();</script>\\n\\","<!-- utility2-comment\\n\\","{{/if isRollup}}\\n\\","utility2-comment -->\\n\\","<div class=\"utility2FooterDiv\">\\n\\","    [ this app was created with\\n\\","    <a href=\"https://github.com/kaizhu256/node-utility2\" target=\"_blank\">utility2</a>\\n\\","    ]\\n\\","</div>\\n\\","</body>\\n\\","</html>\\n\\","';","        /* jslint-ignore-end */","        /* validateLineSortedReset */","        /* jslint-ignore-begin */","        // bug-workaround - long $npm_package_buildCustomOrg","        local.assetsDict['/assets.npmtest_debug.js'] =","            local.assetsDict['/assets.npmtest_debug.js'] ||","            local.fs.readFileSync(local.__dirname + '/lib.npmtest_debug.js', 'utf8'","        ).replace((/^#!\\//), '// ');","        /* jslint-ignore-end */","        /* validateLineSortedReset */","        local.assetsDict['/'] =","            local.assetsDict['/assets.example.html'] =","            local.assetsDict['/assets.index.template.html']","            .replace((/\\{\\{env\\.(\\w+?)\\}\\}/g), function (match0, match1) {","                switch (match1) {","                case 'npm_package_description':","                    return 'the greatest app in the world!';","                case 'npm_package_name':","                    return 'npmtest-debug';","                case 'npm_package_nameLib':","                    return 'npmtest_debug';","                case 'npm_package_version':","                    return '0.0.1';","                default:","                    return match0;","                }","            });","        // init cli","        if (module !== require.main || local.global.utility2_rollup) {","            break;","        }","        local.assetsDict['/assets.example.js'] =","            local.assetsDict['/assets.example.js'] ||","            local.fs.readFileSync(__filename, 'utf8');","        local.assetsDict['/favicon.ico'] = local.assetsDict['/favicon.ico'] || '';","        // if $npm_config_timeout_exit exists,","        // then exit this process after $npm_config_timeout_exit ms","        if (Number(process.env.npm_config_timeout_exit)) {","            setTimeout(process.exit, Number(process.env.npm_config_timeout_exit));","        }","        // start server","        if (local.global.utility2_serverHttp1) {","            break;","        }","        process.env.PORT = process.env.PORT || '8081';","        console.error('server starting on port ' + process.env.PORT);","        local.http.createServer(function (request, response) {","            request.urlParsed = local.url.parse(request.url);","            if (local.assetsDict[request.urlParsed.pathname] !== undefined) {","                response.end(local.assetsDict[request.urlParsed.pathname]);","                return;","            }","            response.statusCode = 404;","            response.end();","        }).listen(process.env.PORT);","        break;","    }","}());",""],"l":{"28":2,"30":2,"35":2,"37":2,"39":2,"40":2,"41":2,"46":2,"49":2,"53":2,"57":2,"59":2,"66":1,"67":2,"73":2,"76":2,"79":2,"80":2,"82":1,"86":2,"89":1,"90":1,"91":1,"92":1,"93":1,"96":1,"97":1,"99":1,"102":1,"104":2,"110":1,"112":1,"114":1,"119":1,"120":2,"121":2,"122":20,"123":20,"124":20,"125":20,"126":1,"129":20,"130":20,"135":20,"139":1,"140":3,"141":1,"145":1,"146":1,"154":1,"157":1,"158":1,"159":1,"160":1,"161":1,"162":1,"163":1,"164":1,"165":1,"166":1,"167":1,"168":1,"169":1,"170":1,"171":1,"172":1,"173":1,"174":1,"175":1,"176":1,"177":1,"178":1,"179":1,"180":1,"181":1,"182":1,"183":1,"184":1,"185":1,"186":1,"187":1,"188":1,"191":1,"192":1,"197":3,"198":3,"199":3,"200":1,"207":1,"460":1,"466":1,"470":6,"472":1,"474":2,"476":1,"478":2,"480":1,"484":1,"485":1,"487":1,"490":1,"493":1,"494":1,"497":1,"498":1,"500":1,"501":1,"502":1,"503":1,"504":1,"505":1,"506":1,"508":1,"509":1,"511":1}},"/home/travis/build/npmtest/node-npmtest-debug/node_modules/debug/src/index.js":{"path":"/home/travis/build/npmtest/node-npmtest-debug/node_modules/debug/src/index.js","s":{"1":1,"2":0,"3":1},"b":{"1":[0,1],"2":[1,1]},"f":{},"fnMap":{},"statementMap":{"1":{"start":{"line":6,"column":0},"end":{"line":10,"column":1}},"2":{"start":{"line":7,"column":2},"end":{"line":7,"column":43}},"3":{"start":{"line":9,"column":2},"end":{"line":9,"column":40}}},"branchMap":{"1":{"line":6,"type":"if","locations":[{"start":{"line":6,"column":0},"end":{"line":6,"column":0}},{"start":{"line":6,"column":0},"end":{"line":6,"column":0}}]},"2":{"line":6,"type":"binary-expr","locations":[{"start":{"line":6,"column":4},"end":{"line":6,"column":34}},{"start":{"line":6,"column":38},"end":{"line":6,"column":65}}]}},"code":["/**"," * Detect Electron renderer process, which is node, but we should"," * treat as a browser."," */","","if (typeof process === 'undefined' || process.type === 'renderer') {","  module.exports = require('./browser.js');","} else {","  module.exports = require('./node.js');","}",""],"l":{"6":1,"7":0,"9":1}},"/home/travis/build/npmtest/node-npmtest-debug/node_modules/debug/src/node.js":{"path":"/home/travis/build/npmtest/node-npmtest-debug/node_modules/debug/src/node.js","s":{"1":1,"2":1,"3":1,"4":1,"5":1,"6":1,"7":1,"8":1,"9":1,"10":1,"11":1,"12":1,"13":0,"14":0,"15":1,"16":264,"17":0,"18":0,"19":0,"20":0,"21":0,"22":0,"23":0,"24":0,"25":0,"26":0,"27":0,"28":0,"29":1,"30":0,"31":1,"32":0,"33":0,"34":0,"35":1,"36":0,"37":0,"38":1,"39":0,"40":0,"41":0,"42":0,"43":0,"44":0,"45":0,"46":0,"47":0,"48":1,"49":0,"50":0,"51":0,"52":1,"53":0,"54":1,"55":1,"56":1,"57":0,"58":1,"59":1,"60":1,"61":0,"62":0,"63":0,"64":0,"65":1},"b":{"1":[0,0],"2":[0,0],"3":[0,0],"4":[0,0],"5":[0,0],"6":[0,0],"7":[0,0],"8":[0,0],"9":[0,0],"10":[1,0]},"f":{"1":264,"2":0,"3":0,"4":0,"5":0,"6":0,"7":0,"8":0,"9":0,"10":0,"11":1,"12":1,"13":0},"fnMap":{"1":{"name":"(anonymous_1)","line":49,"loc":{"start":{"line":49,"column":54},"end":{"line":49,"column":69}}},"2":{"name":"(anonymous_2)","line":51,"loc":{"start":{"line":51,"column":10},"end":{"line":51,"column":30}}},"3":{"name":"(anonymous_3)","line":56,"loc":{"start":{"line":56,"column":26},"end":{"line":56,"column":42}}},"4":{"name":"useColors","line":73,"loc":{"start":{"line":73,"column":0},"end":{"line":73,"column":21}}},"5":{"name":"(anonymous_5)","line":83,"loc":{"start":{"line":83,"column":23},"end":{"line":83,"column":35}}},"6":{"name":"(anonymous_6)","line":86,"loc":{"start":{"line":86,"column":21},"end":{"line":86,"column":35}}},"7":{"name":"(anonymous_7)","line":95,"loc":{"start":{"line":95,"column":23},"end":{"line":95,"column":35}}},"8":{"name":"formatArgs","line":106,"loc":{"start":{"line":106,"column":0},"end":{"line":106,"column":26}}},"9":{"name":"getDate","line":122,"loc":{"start":{"line":122,"column":0},"end":{"line":122,"column":19}}},"10":{"name":"log","line":134,"loc":{"start":{"line":134,"column":0},"end":{"line":134,"column":15}}},"11":{"name":"save","line":145,"loc":{"start":{"line":145,"column":0},"end":{"line":145,"column":26}}},"12":{"name":"load","line":162,"loc":{"start":{"line":162,"column":0},"end":{"line":162,"column":16}}},"13":{"name":"init","line":173,"loc":{"start":{"line":173,"column":0},"end":{"line":173,"column":22}}}},"statementMap":{"1":{"start":{"line":5,"column":0},"end":{"line":5,"column":25}},"2":{"start":{"line":6,"column":0},"end":{"line":6,"column":27}},"3":{"start":{"line":14,"column":0},"end":{"line":14,"column":46}},"4":{"start":{"line":15,"column":0},"end":{"line":15,"column":20}},"5":{"start":{"line":16,"column":0},"end":{"line":16,"column":18}},"6":{"start":{"line":17,"column":0},"end":{"line":17,"column":32}},"7":{"start":{"line":18,"column":0},"end":{"line":18,"column":20}},"8":{"start":{"line":19,"column":0},"end":{"line":19,"column":20}},"9":{"start":{"line":20,"column":0},"end":{"line":20,"column":30}},"10":{"start":{"line":26,"column":0},"end":{"line":26,"column":38}},"11":{"start":{"line":28,"column":0},"end":{"line":41,"column":1}},"12":{"start":{"line":29,"column":2},"end":{"line":29,"column":48}},"13":{"start":{"line":30,"column":2},"end":{"line":38,"column":3}},"14":{"start":{"line":31,"column":4},"end":{"line":37,"column":6}},"15":{"start":{"line":49,"column":0},"end":{"line":67,"column":7}},"16":{"start":{"line":50,"column":2},"end":{"line":50,"column":30}},"17":{"start":{"line":53,"column":2},"end":{"line":56,"column":70}},"18":{"start":{"line":56,"column":44},"end":{"line":56,"column":67}},"19":{"start":{"line":59,"column":2},"end":{"line":59,"column":29}},"20":{"start":{"line":60,"column":2},"end":{"line":63,"column":25}},"21":{"start":{"line":60,"column":44},"end":{"line":60,"column":55}},"22":{"start":{"line":61,"column":7},"end":{"line":63,"column":25}},"23":{"start":{"line":61,"column":51},"end":{"line":61,"column":63}},"24":{"start":{"line":62,"column":7},"end":{"line":63,"column":25}},"25":{"start":{"line":62,"column":27},"end":{"line":62,"column":38}},"26":{"start":{"line":63,"column":7},"end":{"line":63,"column":25}},"27":{"start":{"line":65,"column":2},"end":{"line":65,"column":18}},"28":{"start":{"line":66,"column":2},"end":{"line":66,"column":13}},"29":{"start":{"line":73,"column":0},"end":{"line":77,"column":1}},"30":{"start":{"line":74,"column":2},"end":{"line":76,"column":36}},"31":{"start":{"line":83,"column":0},"end":{"line":89,"column":2}},"32":{"start":{"line":84,"column":2},"end":{"line":84,"column":43}},"33":{"start":{"line":85,"column":2},"end":{"line":88,"column":17}},"34":{"start":{"line":87,"column":6},"end":{"line":87,"column":23}},"35":{"start":{"line":95,"column":0},"end":{"line":98,"column":2}},"36":{"start":{"line":96,"column":2},"end":{"line":96,"column":43}},"37":{"start":{"line":97,"column":2},"end":{"line":97,"column":43}},"38":{"start":{"line":106,"column":0},"end":{"line":120,"column":1}},"39":{"start":{"line":107,"column":2},"end":{"line":107,"column":28}},"40":{"start":{"line":108,"column":2},"end":{"line":108,"column":33}},"41":{"start":{"line":110,"column":2},"end":{"line":119,"column":3}},"42":{"start":{"line":111,"column":4},"end":{"line":111,"column":23}},"43":{"start":{"line":112,"column":4},"end":{"line":112,"column":58}},"44":{"start":{"line":113,"column":4},"end":{"line":113,"column":69}},"45":{"start":{"line":115,"column":4},"end":{"line":115,"column":63}},"46":{"start":{"line":116,"column":4},"end":{"line":116,"column":76}},"47":{"start":{"line":118,"column":4},"end":{"line":118,"column":47}},"48":{"start":{"line":122,"column":0},"end":{"line":128,"column":1}},"49":{"start":{"line":123,"column":2},"end":{"line":127,"column":3}},"50":{"start":{"line":124,"column":4},"end":{"line":124,"column":14}},"51":{"start":{"line":126,"column":4},"end":{"line":126,"column":42}},"52":{"start":{"line":134,"column":0},"end":{"line":136,"column":1}},"53":{"start":{"line":135,"column":2},"end":{"line":135,"column":73}},"54":{"start":{"line":145,"column":0},"end":{"line":153,"column":1}},"55":{"start":{"line":146,"column":2},"end":{"line":152,"column":3}},"56":{"start":{"line":149,"column":4},"end":{"line":149,"column":29}},"57":{"start":{"line":151,"column":4},"end":{"line":151,"column":35}},"58":{"start":{"line":162,"column":0},"end":{"line":164,"column":1}},"59":{"start":{"line":163,"column":2},"end":{"line":163,"column":27}},"60":{"start":{"line":173,"column":0},"end":{"line":180,"column":1}},"61":{"start":{"line":174,"column":2},"end":{"line":174,"column":25}},"62":{"start":{"line":176,"column":2},"end":{"line":176,"column":46}},"63":{"start":{"line":177,"column":2},"end":{"line":179,"column":3}},"64":{"start":{"line":178,"column":4},"end":{"line":178,"column":62}},"65":{"start":{"line":186,"column":0},"end":{"line":186,"column":23}}},"branchMap":{"1":{"line":30,"type":"if","locations":[{"start":{"line":30,"column":2},"end":{"line":30,"column":2}},{"start":{"line":30,"column":2},"end":{"line":30,"column":2}}]},"2":{"line":30,"type":"binary-expr","locations":[{"start":{"line":30,"column":6},"end":{"line":30,"column":19}},{"start":{"line":30,"column":23},"end":{"line":30,"column":47}}]},"3":{"line":60,"type":"if","locations":[{"start":{"line":60,"column":2},"end":{"line":60,"column":2}},{"start":{"line":60,"column":2},"end":{"line":60,"column":2}}]},"4":{"line":61,"type":"if","locations":[{"start":{"line":61,"column":7},"end":{"line":61,"column":7}},{"start":{"line":61,"column":7},"end":{"line":61,"column":7}}]},"5":{"line":62,"type":"if","locations":[{"start":{"line":62,"column":7},"end":{"line":62,"column":7}},{"start":{"line":62,"column":7},"end":{"line":62,"column":7}}]},"6":{"line":74,"type":"cond-expr","locations":[{"start":{"line":75,"column":6},"end":{"line":75,"column":41}},{"start":{"line":76,"column":6},"end":{"line":76,"column":35}}]},"7":{"line":110,"type":"if","locations":[{"start":{"line":110,"column":2},"end":{"line":110,"column":2}},{"start":{"line":110,"column":2},"end":{"line":110,"column":2}}]},"8":{"line":112,"type":"cond-expr","locations":[{"start":{"line":112,"column":42},"end":{"line":112,"column":43}},{"start":{"line":112,"column":46},"end":{"line":112,"column":56}}]},"9":{"line":123,"type":"if","locations":[{"start":{"line":123,"column":2},"end":{"line":123,"column":2}},{"start":{"line":123,"column":2},"end":{"line":123,"column":2}}]},"10":{"line":146,"type":"if","locations":[{"start":{"line":146,"column":2},"end":{"line":146,"column":2}},{"start":{"line":146,"column":2},"end":{"line":146,"column":2}}]}},"code":["/**"," * Module dependencies."," */","","var tty = require('tty');","var util = require('util');","","/**"," * This is the Node.js implementation of `debug()`."," *"," * Expose `debug()` as the module."," */","","exports = module.exports = require('./debug');","exports.init = init;","exports.log = log;","exports.formatArgs = formatArgs;","exports.save = save;","exports.load = load;","exports.useColors = useColors;","","/**"," * Colors."," */","","exports.colors = [ 6, 2, 3, 4, 5, 1 ];","","try {","  var supportsColor = require('supports-color');","  if (supportsColor && supportsColor.level >= 2) {","    exports.colors = [","      20, 21, 26, 27, 32, 33, 38, 39, 40, 41, 42, 43, 44, 45, 56, 57, 62, 63, 68,","      69, 74, 75, 76, 77, 78, 79, 80, 81, 92, 93, 98, 99, 112, 113, 128, 129, 134,","      135, 148, 149, 160, 161, 162, 163, 164, 165, 166, 167, 168, 169, 170, 171,","      172, 173, 178, 179, 184, 185, 196, 197, 198, 199, 200, 201, 202, 203, 204,","      205, 206, 207, 208, 209, 214, 215, 220, 221","    ];","  }","} catch (err) {","  // swallow - we only care if `supports-color` is available; it doesn't have to be.","}","","/**"," * Build up the default `inspectOpts` object from the environment variables."," *"," *   $ DEBUG_COLORS=no DEBUG_DEPTH=10 DEBUG_SHOW_HIDDEN=enabled node script.js"," */","","exports.inspectOpts = Object.keys(process.env).filter(function (key) {","  return /^debug_/i.test(key);","}).reduce(function (obj, key) {","  // camel-case","  var prop = key","    .substring(6)","    .toLowerCase()","    .replace(/_([a-z])/g, function (_, k) { return k.toUpperCase() });","","  // coerce string value into JS value","  var val = process.env[key];","  if (/^(yes|on|true|enabled)$/i.test(val)) val = true;","  else if (/^(no|off|false|disabled)$/i.test(val)) val = false;","  else if (val === 'null') val = null;","  else val = Number(val);","","  obj[prop] = val;","  return obj;","}, {});","","/**"," * Is stdout a TTY? Colored output is enabled when `true`."," */","","function useColors() {","  return 'colors' in exports.inspectOpts","    ? Boolean(exports.inspectOpts.colors)","    : tty.isatty(process.stderr.fd);","}","","/**"," * Map %o to `util.inspect()`, all on a single line."," */","","exports.formatters.o = function(v) {","  this.inspectOpts.colors = this.useColors;","  return util.inspect(v, this.inspectOpts)","    .split('\\n').map(function(str) {","      return str.trim()","    }).join(' ');","};","","/**"," * Map %o to `util.inspect()`, allowing multiple lines if needed."," */","","exports.formatters.O = function(v) {","  this.inspectOpts.colors = this.useColors;","  return util.inspect(v, this.inspectOpts);","};","","/**"," * Adds ANSI color escape codes if enabled."," *"," * @api public"," */","","function formatArgs(args) {","  var name = this.namespace;","  var useColors = this.useColors;","","  if (useColors) {","    var c = this.color;","    var colorCode = '\\u001b[3' + (c < 8 ? c : '8;5;' + c);","    var prefix = '  ' + colorCode + ';1m' + name + ' ' + '\\u001b[0m';","","    args[0] = prefix + args[0].split('\\n').join('\\n' + prefix);","    args.push(colorCode + 'm+' + exports.humanize(this.diff) + '\\u001b[0m');","  } else {","    args[0] = getDate() + name + ' ' + args[0];","  }","}","","function getDate() {","  if (exports.inspectOpts.hideDate) {","    return '';","  } else {","    return new Date().toISOString() + ' ';","  }","}","","/**"," * Invokes `util.format()` with the specified arguments and writes to stderr."," */","","function log() {","  return process.stderr.write(util.format.apply(util, arguments) + '\\n');","}","","/**"," * Save `namespaces`."," *"," * @param {String} namespaces"," * @api private"," */","","function save(namespaces) {","  if (null == namespaces) {","    // If you set a process.env field to null or undefined, it gets cast to the","    // string 'null' or 'undefined'. Just delete instead.","    delete process.env.DEBUG;","  } else {","    process.env.DEBUG = namespaces;","  }","}","","/**"," * Load `namespaces`."," *"," * @return {String} returns the previously persisted debug modes"," * @api private"," */","","function load() {","  return process.env.DEBUG;","}","","/**"," * Init logic for `debug` instances."," *"," * Create a new `inspectOpts` object in case `useColors` is set"," * differently for a particular `debug` instance."," */","","function init (debug) {","  debug.inspectOpts = {};","","  var keys = Object.keys(exports.inspectOpts);","  for (var i = 0; i < keys.length; i++) {","    debug.inspectOpts[keys[i]] = exports.inspectOpts[keys[i]];","  }","}","","/**"," * Enable namespaces listed in `process.env.DEBUG` initially."," */","","exports.enable(load());",""],"l":{"5":1,"6":1,"14":1,"15":1,"16":1,"17":1,"18":1,"19":1,"20":1,"26":1,"28":1,"29":1,"30":0,"31":0,"49":1,"50":264,"53":0,"56":0,"59":0,"60":0,"61":0,"62":0,"63":0,"65":0,"66":0,"73":1,"74":0,"83":1,"84":0,"85":0,"87":0,"95":1,"96":0,"97":0,"106":1,"107":0,"108":0,"110":0,"111":0,"112":0,"113":0,"115":0,"116":0,"118":0,"122":1,"123":0,"124":0,"126":0,"134":1,"135":0,"145":1,"146":1,"149":1,"151":0,"162":1,"163":1,"173":1,"174":0,"176":0,"177":0,"178":0,"186":1}},"/home/travis/build/npmtest/node-npmtest-debug/node_modules/debug/src/debug.js":{"path":"/home/travis/build/npmtest/node-npmtest-debug/node_modules/debug/src/debug.js","s":{"1":1,"2":1,"3":1,"4":1,"5":1,"6":1,"7":1,"8":1,"9":1,"10":1,"11":1,"12":0,"13":0,"14":0,"15":0,"16":0,"17":1,"18":0,"19":1,"20":0,"21":0,"22":0,"23":0,"24":0,"25":0,"26":0,"27":0,"28":0,"29":0,"30":0,"31":0,"32":0,"33":0,"34":0,"35":0,"36":0,"37":0,"38":0,"39":0,"40":0,"41":0,"42":0,"43":0,"44":0,"45":0,"46":0,"47":0,"48":0,"49":0,"50":0,"51":0,"52":0,"53":0,"54":0,"55":0,"56":0,"57":0,"58":0,"59":1,"60":0,"61":0,"62":0,"63":0,"64":0,"65":1,"66":2,"67":2,"68":2,"69":2,"70":2,"71":2,"72":2,"73":2,"74":2,"75":0,"76":0,"77":0,"78":0,"79":2,"80":0,"81":0,"82":1,"83":0,"84":1,"85":0,"86":0,"87":0,"88":0,"89":0,"90":0,"91":0,"92":0,"93":0,"94":0,"95":1,"96":0,"97":0,"98":0},"b":{"1":[0,0],"2":[0,0],"3":[0,0],"4":[0,0],"5":[0,0],"6":[0,0,0],"7":[0,0],"8":[0,0],"9":[0,2],"10":[2,0],"11":[0,0],"12":[0,0],"13":[0,0],"14":[0,0],"15":[0,0],"16":[0,0]},"f":{"1":0,"2":0,"3":0,"4":0,"5":0,"6":2,"7":0,"8":0,"9":0},"fnMap":{"1":{"name":"selectColor","line":43,"loc":{"start":{"line":43,"column":0},"end":{"line":43,"column":32}}},"2":{"name":"createDebug","line":62,"loc":{"start":{"line":62,"column":0},"end":{"line":62,"column":32}}},"3":{"name":"debug","line":66,"loc":{"start":{"line":66,"column":2},"end":{"line":66,"column":19}}},"4":{"name":"(anonymous_4)","line":95,"loc":{"start":{"line":95,"column":47},"end":{"line":95,"column":71}}},"5":{"name":"destroy","line":134,"loc":{"start":{"line":134,"column":0},"end":{"line":134,"column":20}}},"6":{"name":"enable","line":152,"loc":{"start":{"line":152,"column":0},"end":{"line":152,"column":28}}},"7":{"name":"disable","line":184,"loc":{"start":{"line":184,"column":0},"end":{"line":184,"column":19}}},"8":{"name":"enabled","line":196,"loc":{"start":{"line":196,"column":0},"end":{"line":196,"column":23}}},"9":{"name":"coerce","line":222,"loc":{"start":{"line":222,"column":0},"end":{"line":222,"column":21}}}},"statementMap":{"1":{"start":{"line":9,"column":0},"end":{"line":9,"column":84}},"2":{"start":{"line":10,"column":0},"end":{"line":10,"column":24}},"3":{"start":{"line":11,"column":0},"end":{"line":11,"column":26}},"4":{"start":{"line":12,"column":0},"end":{"line":12,"column":24}},"5":{"start":{"line":13,"column":0},"end":{"line":13,"column":26}},"6":{"start":{"line":14,"column":0},"end":{"line":14,"column":33}},"7":{"start":{"line":19,"column":0},"end":{"line":19,"column":23}},"8":{"start":{"line":25,"column":0},"end":{"line":25,"column":19}},"9":{"start":{"line":26,"column":0},"end":{"line":26,"column":19}},"10":{"start":{"line":34,"column":0},"end":{"line":34,"column":24}},"11":{"start":{"line":43,"column":0},"end":{"line":52,"column":1}},"12":{"start":{"line":44,"column":2},"end":{"line":44,"column":18}},"13":{"start":{"line":46,"column":2},"end":{"line":49,"column":3}},"14":{"start":{"line":47,"column":4},"end":{"line":47,"column":59}},"15":{"start":{"line":48,"column":4},"end":{"line":48,"column":14}},"16":{"start":{"line":51,"column":2},"end":{"line":51,"column":64}},"17":{"start":{"line":62,"column":0},"end":{"line":132,"column":1}},"18":{"start":{"line":64,"column":2},"end":{"line":64,"column":15}},"19":{"start":{"line":66,"column":2},"end":{"line":116,"column":3}},"20":{"start":{"line":68,"column":4},"end":{"line":68,"column":31}},"21":{"start":{"line":68,"column":24},"end":{"line":68,"column":31}},"22":{"start":{"line":70,"column":4},"end":{"line":70,"column":21}},"23":{"start":{"line":73,"column":4},"end":{"line":73,"column":27}},"24":{"start":{"line":74,"column":4},"end":{"line":74,"column":39}},"25":{"start":{"line":75,"column":4},"end":{"line":75,"column":19}},"26":{"start":{"line":76,"column":4},"end":{"line":76,"column":25}},"27":{"start":{"line":77,"column":4},"end":{"line":77,"column":21}},"28":{"start":{"line":78,"column":4},"end":{"line":78,"column":20}},"29":{"start":{"line":81,"column":4},"end":{"line":81,"column":43}},"30":{"start":{"line":82,"column":4},"end":{"line":84,"column":5}},"31":{"start":{"line":83,"column":6},"end":{"line":83,"column":29}},"32":{"start":{"line":86,"column":4},"end":{"line":86,"column":38}},"33":{"start":{"line":88,"column":4},"end":{"line":91,"column":5}},"34":{"start":{"line":90,"column":6},"end":{"line":90,"column":25}},"35":{"start":{"line":94,"column":4},"end":{"line":94,"column":18}},"36":{"start":{"line":95,"column":4},"end":{"line":109,"column":7}},"37":{"start":{"line":97,"column":6},"end":{"line":97,"column":39}},"38":{"start":{"line":97,"column":26},"end":{"line":97,"column":39}},"39":{"start":{"line":98,"column":6},"end":{"line":98,"column":14}},"40":{"start":{"line":99,"column":6},"end":{"line":99,"column":49}},"41":{"start":{"line":100,"column":6},"end":{"line":107,"column":7}},"42":{"start":{"line":101,"column":8},"end":{"line":101,"column":30}},"43":{"start":{"line":102,"column":8},"end":{"line":102,"column":42}},"44":{"start":{"line":105,"column":8},"end":{"line":105,"column":30}},"45":{"start":{"line":106,"column":8},"end":{"line":106,"column":16}},"46":{"start":{"line":108,"column":6},"end":{"line":108,"column":19}},"47":{"start":{"line":112,"column":4},"end":{"line":112,"column":40}},"48":{"start":{"line":114,"column":4},"end":{"line":114,"column":70}},"49":{"start":{"line":115,"column":4},"end":{"line":115,"column":28}},"50":{"start":{"line":118,"column":2},"end":{"line":118,"column":30}},"51":{"start":{"line":119,"column":2},"end":{"line":119,"column":45}},"52":{"start":{"line":120,"column":2},"end":{"line":120,"column":40}},"53":{"start":{"line":121,"column":2},"end":{"line":121,"column":39}},"54":{"start":{"line":122,"column":2},"end":{"line":122,"column":26}},"55":{"start":{"line":125,"column":2},"end":{"line":127,"column":3}},"56":{"start":{"line":126,"column":4},"end":{"line":126,"column":24}},"57":{"start":{"line":129,"column":2},"end":{"line":129,"column":32}},"58":{"start":{"line":131,"column":2},"end":{"line":131,"column":15}},"59":{"start":{"line":134,"column":0},"end":{"line":142,"column":1}},"60":{"start":{"line":135,"column":2},"end":{"line":135,"column":46}},"61":{"start":{"line":136,"column":2},"end":{"line":141,"column":3}},"62":{"start":{"line":137,"column":4},"end":{"line":137,"column":39}},"63":{"start":{"line":138,"column":4},"end":{"line":138,"column":16}},"64":{"start":{"line":140,"column":4},"end":{"line":140,"column":17}},"65":{"start":{"line":152,"column":0},"end":{"line":176,"column":1}},"66":{"start":{"line":153,"column":2},"end":{"line":153,"column":27}},"67":{"start":{"line":155,"column":2},"end":{"line":155,"column":21}},"68":{"start":{"line":156,"column":2},"end":{"line":156,"column":21}},"69":{"start":{"line":158,"column":2},"end":{"line":158,"column":8}},"70":{"start":{"line":159,"column":2},"end":{"line":159,"column":81}},"71":{"start":{"line":160,"column":2},"end":{"line":160,"column":25}},"72":{"start":{"line":162,"column":2},"end":{"line":170,"column":3}},"73":{"start":{"line":163,"column":4},"end":{"line":163,"column":28}},"74":{"start":{"line":163,"column":19},"end":{"line":163,"column":28}},"75":{"start":{"line":164,"column":4},"end":{"line":164,"column":48}},"76":{"start":{"line":165,"column":4},"end":{"line":169,"column":5}},"77":{"start":{"line":166,"column":6},"end":{"line":166,"column":71}},"78":{"start":{"line":168,"column":6},"end":{"line":168,"column":61}},"79":{"start":{"line":172,"column":2},"end":{"line":175,"column":3}},"80":{"start":{"line":173,"column":4},"end":{"line":173,"column":40}},"81":{"start":{"line":174,"column":4},"end":{"line":174,"column":59}},"82":{"start":{"line":184,"column":0},"end":{"line":186,"column":1}},"83":{"start":{"line":185,"column":2},"end":{"line":185,"column":21}},"84":{"start":{"line":196,"column":0},"end":{"line":212,"column":1}},"85":{"start":{"line":197,"column":2},"end":{"line":199,"column":3}},"86":{"start":{"line":198,"column":4},"end":{"line":198,"column":16}},"87":{"start":{"line":200,"column":2},"end":{"line":200,"column":13}},"88":{"start":{"line":201,"column":2},"end":{"line":205,"column":3}},"89":{"start":{"line":202,"column":4},"end":{"line":204,"column":5}},"90":{"start":{"line":203,"column":6},"end":{"line":203,"column":19}},"91":{"start":{"line":206,"column":2},"end":{"line":210,"column":3}},"92":{"start":{"line":207,"column":4},"end":{"line":209,"column":5}},"93":{"start":{"line":208,"column":6},"end":{"line":208,"column":18}},"94":{"start":{"line":211,"column":2},"end":{"line":211,"column":15}},"95":{"start":{"line":222,"column":0},"end":{"line":225,"column":1}},"96":{"start":{"line":223,"column":2},"end":{"line":223,"column":60}},"97":{"start":{"line":223,"column":28},"end":{"line":223,"column":60}},"98":{"start":{"line":224,"column":2},"end":{"line":224,"column":13}}},"branchMap":{"1":{"line":68,"type":"if","locations":[{"start":{"line":68,"column":4},"end":{"line":68,"column":4}},{"start":{"line":68,"column":4},"end":{"line":68,"column":4}}]},"2":{"line":74,"type":"binary-expr","locations":[{"start":{"line":74,"column":21},"end":{"line":74,"column":29}},{"start":{"line":74,"column":33},"end":{"line":74,"column":37}}]},"3":{"line":88,"type":"if","locations":[{"start":{"line":88,"column":4},"end":{"line":88,"column":4}},{"start":{"line":88,"column":4},"end":{"line":88,"colu
[...]
/","","function enabled(name) {","  if (name[name.length - 1] === '*') {","    return true;","  }","  var i, len;","  for (i = 0, len = exports.skips.length; i < len; i++) {","    if (exports.skips[i].test(name)) {","      return false;","    }","  }","  for (i = 0, len = exports.names.length; i < len; i++) {","    if (exports.names[i].test(name)) {","      return true;","    }","  }","  return false;","}","","/**"," * Coerce `val`."," *"," * @param {Mixed} val"," * @return {Mixed}"," * @api private"," */","","function coerce(val) {","  if (val instanceof Error) return val.stack || val.message;","  return val;","}",""],"l":{"9":1,"10":1,"11":1,"12":1,"13":1,"14":1,"19":1,"25":1,"26":1,"34":1,"43":1,"44":0,"46":0,"47":0,"48":0,"51":0,"62":1,"64":0,"66":1,"68":0,"70":0,"73":0,"74":0,"75":0,"76":0,"77":0,"78":0,"81":0,"82":0,"83":0,"86":0,"88":0,"90":0,"94":0,"95":0,"97":0,"98":0,"99":0,"100":0,"101":0,"102":0,"105":0,"106":0,"108":0,"112":0,"114":0,"115":0,"118":0,"119":0,"120":0,"121":0,"122":0,"125":0,"126":0,"129":0,"131":0,"134":1,"135":0,"136":0,"137":0,"138":0,"140":0,"152":1,"153":2,"155":2,"156":2,"158":2,"159":2,"160":2,"162":2,"163":2,"164":0,"165":0,"166":0,"168":0,"172":2,"173":0,"174":0,"184":1,"185":0,"196":1,"197":0,"198":0,"200":0,"201":0,"202":0,"203":0,"206":0,"207":0,"208":0,"211":0,"222":1,"223":0,"224":0}},"/home/travis/build/npmtest/node-npmtest-debug/node_modules/debug/karma.conf.js":{"path":"/home/travis/build/npmtest/node-npmtest-debug/node_modules/debug/karma.conf.js","s":{"1":1,"2":0},"b":{},"f":{"1":0},"fnMap":{"1":{"name":"(anonymous_1)","line":4,"loc":{"start":{"line":4,"column":17},"end":{"line":4,"column":34}}}},"statementMap":{"1":{"start":{"line":4,"column":0},"end":{"line":70,"column":1}},"2":{"start":{"line":5,"column":2},"end":{"line":69,"column":4}}},"branchMap":{},"code":["// Karma configuration","// Generated on Fri Dec 16 2016 13:09:51 GMT+0000 (UTC)","","module.exports = function(config) {","  config.set({","","    // base path that will be used to resolve all patterns (eg. files, exclude)","    basePath: '',","","","    // frameworks to use","    // available frameworks: https://npmjs.org/browse/keyword/karma-adapter","    frameworks: ['mocha', 'chai', 'sinon'],","","","    // list of files / patterns to load in the browser","    files: [","      'dist/debug.js',","      'test/*spec.js'","    ],","","","    // list of files to exclude","    exclude: [","      'src/node.js'","    ],","","","    // preprocess matching files before serving them to the browser","    // available preprocessors: https://npmjs.org/browse/keyword/karma-preprocessor","    preprocessors: {","    },","","    // test results reporter to use","    // possible values: 'dots', 'progress'","    // available reporters: https://npmjs.org/browse/keyword/karma-reporter","    reporters: ['progress'],","","","    // web server port","    port: 9876,","","","    // enable / disable colors in the output (reporters and logs)","    colors: true,","","","    // level of logging","    // possible values: config.LOG_DISABLE || config.LOG_ERROR || config.LOG_WARN || config.LOG_INFO || config.LOG_DEBUG","    logLevel: config.LOG_INFO,","","","    // enable / disable watching file and executing tests whenever any file changes","    autoWatch: true,","","","    // start these browsers","    // available browser launchers: https://npmjs.org/browse/keyword/karma-launcher","    browsers: ['PhantomJS'],","","","    // Continuous Integration mode","    // if true, Karma captures browsers, runs the tests and exits","    singleRun: false,","","    // Concurrency level","    // how many browser should be started simultaneous","    concurrency: Infinity","  })","}",""],"l":{"4":1,"5":0}},"/home/travis/build/npmtest/node-npmtest-debug/node_modules/debug/node.js":{"path":"/home/travis/build/npmtest/node-npmtest-debug/node_modules/debug/node.js","s":{"1":1},"b":{},"f":{},"fnMap":{},"statementMap":{"1":{"start":{"line":1,"column":0},"end":{"line":1,"column":39}}},"branchMap":{},"code":["module.exports = require('./src/node');",""],"l":{"1":1}},"/home/travis/build/npmtest/node-npmtest-debug/node_modules/debug/src/browser.js":{"path":"/home/travis/build/npmtest/node-npmtest-debug/node_modules/debug/src/browser.js","s":{"1":1,"2":1,"3":1,"4":1,"5":1,"6":1,"7":1,"8":1,"9":1,"10":0,"11":0,"12":0,"13":0,"14":0,"15":1,"16":0,"17":0,"18":0,"19":1,"20":0,"21":0,"22":0,"23":0,"24":0,"25":0,"26":0,"27":0,"28":0,"29":0,"30":0,"31":0,"32":0,"33":0,"34":0,"35":1,"36":0,"37":1,"38":1,"39":1,"40":1,"41":0,"42":1,"43":1,"44":1,"45":1,"46":1,"47":1,"48":1,"49":1,"50":1,"51":1,"52":1},"b":{"1":[0,1],"2":[1,0],"3":[0,0],"4":[0,0,0],"5":[0,0],"6":[0,0,0],"7":[0,0,0,0,0,0,0,0,0,0,0,0,0,0,0,0],"8":[0,0],"9":[0,0],"10":[0,0],"11":[0,0],"12":[0,0],"13":[0,0],"14":[0,0,0],"15":[1,0],"16":[1,0],"17":[1,1,1]},"f":{"1":0,"2":0,"3":0,"4":0,"5":0,"6":1,"7":1,"8":1},"fnMap":{"1":{"name":"useColors","line":44,"loc":{"start":{"line":44,"column":0},"end":{"line":44,"column":21}}},"2":{"name":"(anonymous_2)","line":73,"loc":{"start":{"line":73,"column":23},"end":{"line":73,"column":35}}},"3":{"name":"formatArgs","line":88,"loc":{"start":{"line":88,"column":0},"end":{"line":88,"column":26}}},"4":{"name":"(anonymous_4)","line":108,"loc":{"start":{"line":108,"column":33},"end":{"line":108,"column":49}}},"5":{"name":"log","line":128,"loc":{"start":{"line":128,"column":0},"end":{"line":128,"column":15}}},"6":{"name":"save","line":143,"loc":{"start":{"line":143,"column":0},"end":{"line":143,"column":26}}},"7":{"name":"load","line":160,"loc":{"start":{"line":160,"column":0},"end":{"line":160,"column":16}}},"8":{"name":"localstorage","line":191,"loc":{"start":{"line":191,"column":0},"end":{"line":191,"column":24}}}},"statementMap":{"1":{"start":{"line":7,"column":0},"end":{"line":7,"column":46}},"2":{"start":{"line":8,"column":0},"end":{"line":8,"column":18}},"3":{"start":{"line":9,"column":0},"end":{"line":9,"column":32}},"4":{"start":{"line":10,"column":0},"end":{"line":10,"column":20}},"5":{"start":{"line":11,"column":0},"end":{"line":11,"column":20}},"6":{"start":{"line":12,"column":0},"end":{"line":12,"column":30}},"7":{"start":{"line":13,"column":0},"end":{"line":16,"column":35}},"8":{"start":{"line":22,"column":0},"end":{"line":34,"column":2}},"9":{"start":{"line":44,"column":0},"end":{"line":67,"column":1}},"10":{"start":{"line":48,"column":2},"end":{"line":50,"column":3}},"11":{"start":{"line":49,"column":4},"end":{"line":49,"column":16}},"12":{"start":{"line":53,"column":2},"end":{"line":55,"column":3}},"13":{"start":{"line":54,"column":4},"end":{"line":54,"column":17}},"14":{"start":{"line":59,"column":2},"end":{"line":66,"column":127}},"15":{"start":{"line":73,"column":0},"end":{"line":79,"column":2}},"16":{"start":{"line":74,"column":2},"end":{"line":78,"column":3}},"17":{"start":{"line":75,"column":4},"end":{"line":75,"column":29}},"18":{"start":{"line":77,"column":4},"end":{"line":77,"column":56}},"19":{"start":{"line":88,"column":0},"end":{"line":119,"column":1}},"20":{"start":{"line":89,"column":2},"end":{"line":89,"column":33}},"21":{"start":{"line":91,"column":2},"end":{"line":96,"column":40}},"22":{"start":{"line":98,"column":2},"end":{"line":98,"column":25}},"23":{"start":{"line":98,"column":18},"end":{"line":98,"column":25}},"24":{"start":{"line":100,"column":2},"end":{"line":100,"column":33}},"25":{"start":{"line":101,"column":2},"end":{"line":101,"column":40}},"26":{"start":{"line":106,"column":2},"end":{"line":106,"column":16}},"27":{"start":{"line":107,"column":2},"end":{"line":107,"column":16}},"28":{"start":{"line":108,"column":2},"end":{"line":116,"column":5}},"29":{"start":{"line":109,"column":4},"end":{"line":109,"column":31}},"30":{"start":{"line":109,"column":24},"end":{"line":109,"column":31}},"31":{"start":{"line":110,"column":4},"end":{"line":110,"column":12}},"32":{"start":{"line":111,"column":4},"end":{"line":115,"column":5}},"33":{"start":{"line":114,"column":6},"end":{"line":114,"column":20}},"34":{"start":{"line":118,"column":2},"end":{"line":118,"column":27}},"35":{"start":{"line":128,"column":0},"end":{"line":134,"column":1}},"36":{"start":{"line":131,"column":2},"end":{"line":133,"column":70}},"37":{"start":{"line":143,"column":0},"end":{"line":151,"column":1}},"38":{"start":{"line":144,"column":2},"end":{"line":150,"column":15}},"39":{"start":{"line":145,"column":4},"end":{"line":149,"column":5}},"40":{"start":{"line":146,"column":6},"end":{"line":146,"column":42}},"41":{"start":{"line":148,"column":6},"end":{"line":148,"column":41}},"42":{"start":{"line":160,"column":0},"end":{"line":172,"column":1}},"43":{"start":{"line":161,"column":2},"end":{"line":161,"column":8}},"44":{"start":{"line":162,"column":2},"end":{"line":164,"column":15}},"45":{"start":{"line":163,"column":4},"end":{"line":163,"column":30}},"46":{"start":{"line":167,"column":2},"end":{"line":169,"column":3}},"47":{"start":{"line":168,"column":4},"end":{"line":168,"column":26}},"48":{"start":{"line":171,"column":2},"end":{"line":171,"column":11}},"49":{"start":{"line":178,"column":0},"end":{"line":178,"column":23}},"50":{"start":{"line":191,"column":0},"end":{"line":195,"column":1}},"51":{"start":{"line":192,"column":2},"end":{"line":194,"column":16}},"52":{"start":{"line":193,"column":4},"end":{"line":193,"column":31}}},"branchMap":{"1":{"line":13,"type":"cond-expr","locations":[{"start":{"line":15,"column":20},"end":{"line":15,"column":40}},{"start":{"line":16,"column":20},"end":{"line":16,"column":34}}]},"2":{"line":13,"type":"binary-expr","locations":[{"start":{"line":13,"column":18},"end":{"line":13,"column":46}},{"start":{"line":14,"column":18},"end":{"line":14,"column":54}}]},"3":{"line":48,"type":"if","locations":[{"start":{"line":48,"column":2},"end":{"line":48,"column":2}},{"start":{"line":48,"column":2},"end":{"line":48,"column":2}}]},"4":{"line":48,"type":"binary-expr","locations":[{"start":{"line":48,"column":6},"end":{"line":48,"column":35}},{"start":{"line":48,"column":39},"end":{"line":48,"column":53}},{"start":{"line":48,"column":57},"end":{"line":48,"column":91}}]},"5":{"line":53,"type":"if","locations":[{"start":{"line":53,"column":2},"end":{"line":53,"column":2}},{"start":{"line":53,"column":2},"end":{"line":53,"column":2}}]},"6":{"line":53,"type":"binary-expr","locations":[{"start":{"line":53,"column":6},"end":{"line":53,"column":38}},{"start":{"line":53,"column":42},"end":{"line":53,"column":61}},{"start":{"line":53,"column":65},"end":{"line":53,"column":129}}]},"7":{"line":59,"type":"binary-expr","locations":[{"start":{"line":59,"column":10},"end":{"line":59,"column":41}},{"start":{"line":59,"column":45},"end":{"line":59,"column":69}},{"start":{"line":59,"column":73},"end":{"line":59,"column":103}},{"start":{"line":59,"column":107},"end":{"line":59,"column":154}},{"start":{"line":61,"column":5},"end":{"line":61,"column":34}},{"start":{"line":61,"column":38},"end":{"line":61,"column":52}},{"start":{"line":61,"column":57},"end":{"line":61,"column":79}},{"start":{"line":61,"column":84},"end":{"line":61,"column":108}},{"start":{"line":61,"column":112},"end":{"line":61,"column":132}},{"start":{"line":64,"column":5},"end":{"line":64,"column":37}},{"start":{"line":64,"column":41},"end":{"line":64,"column":60}},{"start":{"line":64,"column":64},"end":{"line":64,"column":121}},{"start":{"line":64,"column":125},"end":{"line":64,"column":154}},{"start":{"line":66,"column":5},"end":{"line":66,"column":37}},{"start":{"line":66,"column":41},"end":{"line":66,"column":60}},{"start":{"line":66,"column":64},"end":{"line":66,"column":125}}]},"8":{"line":91,"type":"cond-expr","locations":[{"start":{"line":91,"column":25},"end":{"line":91,"column":29}},{"start":{"line":91,"column":32},"end":{"line":91,"column":34}}]},"9":{"line":93,"type":"cond-expr","locations":[{"start":{"line":93,"column":19},"end":{"line":93,"column":24}},{"start":{"line":93,"column":27},"end":{"line":93,"column":30}}]},"10":{"line":95,"type":"cond-expr","locations":[{"start":{"line":95,"column":19},"end":{"line":95,"column":24}},{"start":{"line":95,"column":27},"end":{"line":95,"column":30}}]},"11":{"line":98,"type":"if","locations":[{"start":{"line":98,"column":2},"end":{"line":98,"column":2}},{"start":{"line":98,"column":2},"end":{"line":98,"column":2}}]},"12":{"line":109,"type":"if","locations":[{"start":{"line":109,"column":4},"end":{"line":109,"column":4}},{"start":{"line":109,"column":4},"end":{"line":109,"column":4}}]},"13":{"line":111,"type":"if","locations":[{"start":{"line":111,"column":4},"end":{"line":111,"column":4}},{"start":{"line":111,"column":4},"end":{"line":111,"column":4}}]},"14":{"line":131,"type":"binary-expr","locations":[{"start":{"line":131,"column":9},"end":{"line":131,"column":36}},{"start":{"line":132,"column":7},"end":{"line":132,"column":18}},{"start":{"line":133,"column":7},"end":{"line":133,"column":69}}]},"15":{"line":145,"type":"if","locations":[{"start":{"line":145,"column":4},"end":{"line":145,"column":4}},{"start":{"line":145,"column":4},"end":{"line":145,"column":4}}]},"16":{"line":167,"type":"if","locations":[{"start":{"line":167,"column":2},"end":{"line":167,"column":2}},{"start":{"line":167,"column":2},"end":{"line":167,"column":2}}]},"17":{"line":167,"type":"binary-expr","locations":[{"start":{"line":167,"column":6},"end":{"line":167,"column":8}},{"start":{"line":167,"column":12},"end":{"line":167,"column":42}},{"start":{"line":167,"column":46},"end":{"line":167,"column":62}}]}},"code":["/**"," * This is the web browser implementation of `debug()`."," *"," * Expose `debug()` as the module."," */","","exports = module.exports = require('./debug');","exports.log = log;","exports.formatArgs = formatArgs;","exports.save = save;","exports.load = load;","exports.useColors = useColors;","exports.storage = 'undefined' != typeof chrome","               && 'undefined' != typeof chrome.storage","                  ? chrome.storage.local","                  : localstorage();","","/**"," * Colors."," */","","exports.colors = [","  '#0000CC', '#0000FF', '#0033CC', '#0033FF', '#0066CC', '#0066FF', '#0099CC',","  '#0099FF', '#00CC00', '#00CC33', '#00CC66', '#00CC99', '#00CCCC', '#00CCFF',","  '#3300CC', '#3300FF', '#3333CC', '#3333FF', '#3366CC', '#3366FF', '#3399CC',","  '#3399FF', '#33CC00', '#33CC33', '#33CC66', '#33CC99', '#33CCCC', '#33CCFF',","  '#6600CC', '#6600FF', '#6633CC', '#6633FF', '#66CC00', '#66CC33', '#9900CC',","  '#9900FF', '#9933CC', '#9933FF', '#99CC00', '#99CC33', '#CC0000', '#CC0033',","  '#CC0066', '#CC0099', '#CC00CC', '#CC00FF', '#CC3300', '#CC3333', '#CC3366',","  '#CC3399', '#CC33CC', '#CC33FF', '#CC6600', '#CC6633', '#CC9900', '#CC9933',","  '#CCCC00', '#CCCC33', '#FF0000', '#FF0033', '#FF0066', '#FF0099', '#FF00CC',","  '#FF00FF', '#FF3300', '#FF3333', '#FF3366', '#FF3399', '#FF33CC', '#FF33FF',","  '#FF6600', '#FF6633', '#FF9900', '#FF9933', '#FFCC00', '#FFCC33'","];","","/**"," * Currently only WebKit-based Web Inspectors, Firefox >= v31,"," * and the Firebug extension (any Firefox version) are known"," * to support \"%c\" CSS customizations."," *"," * TODO: add a `localStorage` variable to explicitly enable/disable colors"," */","","function useColors() {","  // NB: In an Electron preload script, document will be defined but not fully","  // initialized. Since we know we're in Chrome, we'll just detect this case","  // explicitly","  if (typeof window !== 'undefined' && window.process && window.process.type === 'renderer') {","    return true;","  }","","  // Internet Explorer and Edge do not support colors.","  if (typeof navigator !== 'undefined' && navigator.userAgent && navigator.userAgent.toLowerCase().match(/(edge|trident)\\/(\\d+)/)) {","    return false;","  }","","  // is webkit? http://stackoverflow.com/a/16459606/376773","  // document is undefined in react-native: https://github.com/facebook/react-native/pull/1632","  return (typeof document !== 'undefined' && document.documentElement && document.documentElement.style && document.documentElement.style.WebkitAppearance) ||","    // is firebug? http://stackoverflow.com/a/398120/376773","    (typeof window !== 'undefined' && window.console && (window.console.firebug || (window.console.exception && window.console.table))) ||","    // is firefox >= v31?","    // https://developer.mozilla.org/en-US/docs/Tools/Web_Console#Styling_messages","    (typeof navigator !== 'undefined' && navigator.userAgent && navigator.userAgent.toLowerCase().match(/firefox\\/(\\d+)/) && parseInt(RegExp.$1, 10) >= 31) ||","    // double check webkit in userAgent just in case we are in a worker","    (typeof navigator !== 'undefined' && navigator.userAgent && navigator.userAgent.toLowerCase().match(/applewebkit\\/(\\d+)/));","}","","/**"," * Map %j to `JSON.stringify()`, since no Web Inspectors do that by default."," */","","exports.formatters.j = function(v) {","  try {","    return JSON.stringify(v);","  } catch (err) {","    return '[UnexpectedJSONParseError]: ' + err.message;","  }","};","","","/**"," * Colorize log arguments if enabled."," *"," * @api public"," */","","function formatArgs(args) {","  var useColors = this.useColors;","","  args[0] = (useColors ? '%c' : '')","    + this.namespace","    + (useColors ? ' %c' : ' ')","    + args[0]","    + (useColors ? '%c ' : ' ')","    + '+' + exports.humanize(this.diff);","","  if (!useColors) return;","","  var c = 'color: ' + this.color;","  args.splice(1, 0, c, 'color: inherit')","","  // the final \"%c\" is somewhat tricky, because there could be other","  // arguments passed either before or after the %c, so we need to","  // figure out the correct index to insert the CSS into","  var index = 0;","  var lastC = 0;","  args[0].replace(/%[a-zA-Z%]/g, function(match) {","    if ('%%' === match) return;","    index++;","    if ('%c' === match) {","      // we only are interested in the *last* %c","      // (the user may have provided their own)","      lastC = index;","    }","  });","","  args.splice(lastC, 0, c);","}","","/**"," * Invokes `console.log()` when available."," * No-op when `console.log` is not a \"function\"."," *"," * @api public"," */","","function log() {","  // this hackery is required for IE8/9, where","  // the `console.log` function doesn't have 'apply'","  return 'object' === typeof console","    && console.log","    && Function.prototype.apply.call(console.log, console, arguments);","}","","/**"," * Save `namespaces`."," *"," * @param {String} namespaces"," * @api private"," */","","function save(namespaces) {","  try {","    if (null == namespaces) {","      exports.storage.removeItem('debug');","    } else {","      exports.storage.debug = namespaces;","    }","  } catch(e) {}","}","","/**"," * Load `namespaces`."," *"," * @return {String} returns the previously persisted debug modes"," * @api private"," */","","function load() {","  var r;","  try {","    r = exports.storage.debug;","  } catch(e) {}","","  // If debug isn't set in LS, and we're in Electron, try to load $DEBUG","  if (!r && typeof process !== 'undefined' && 'env' in process) {","    r = process.env.DEBUG;","  }","","  return r;","}","","/**"," * Enable namespaces listed in `localStorage.debug` initially."," */","","exports.enable(load());","","/**"," * Localstorage attempts to return the localstorage."," *"," * This is necessary because safari throws"," * when a user disables cookies/localstorage"," * and you attempt to access it."," *"," * @return {LocalStorage}"," * @api private"," */","","function localstorage() {","  try {","    return window.localStorage;","  } catch (e) {}","}",""],"l":{"7":1,"8":1,"9":1,"10":1,"11":1,"12":1,"13":1,"22":1,"44":1,"48":0,"49":0,"53":0,"54":0,"59":0,"73":1,"74":0,"75":0,"77":0,"88":1,"89":0,"91":0,"98":0,"100":0,"101":0,"106":0,"107":0,"108":0,"109":0,"110":0,"111":0,"114":0,"118":0,"128":1,"131":0,"143":1,"144":1,"145":1,"146":1,"148":0,"160":1,"161":1,"162":1,"163":1,"167":1,"168":1,"171":1,"178":1,"191":1,"192":1,"193":1}}}